#
# A fatal error has been detected by the Java Runtime Environment:
#
#  SIGSEGV (0xb) at pc=0x00007f7c7f576aeb, pid=3948, tid=0x00007f7cab9ca700
#
# JRE version: OpenJDK Runtime Environment (8.0_152-b12) (build 1.8.0_152-release-1056-b12)
# Java VM: OpenJDK 64-Bit Server VM (25.152-b12 mixed mode linux-amd64 compressed oops)
# Problematic frame:
# C  [libcuda.so.1+0x116aeb]
#
# Failed to write core dump. Core dumps have been disabled. To enable core dumping, try "ulimit -c unlimited" before starting Java again
#
# If you would like to submit a bug report, please visit:
#   http://bugreport.java.com/bugreport/crash.jsp
# The crash happened outside the Java Virtual Machine in native code.
# See problematic frame for where to report the bug.
#

---------------  T H R E A D  ---------------

Current thread (0x00007f7ca4009800):  JavaThread "main" [_thread_in_native, id=3953, stack(0x00007f7cab8cb000,0x00007f7cab9cb000)]

siginfo: si_signo: 11 (SIGSEGV), si_code: 2 (SEGV_ACCERR), si_addr: 0x00000007c0140000

Registers:
RAX=0x00000007c013ffd8, RBX=0x0000000000100000, RCX=0x00007f7c76017040, RDX=0x00000000000e8f80
RSP=0x00007f7cab9c8b50, RBP=0x00007f7c76000000, RSI=0x00000007c0128f98, RDI=0x00007f7c76000000
R8 =0x00007f7c76000000, R9 =0x0000000000100000, R10=0x0000000000000000, R11=0x00000000ffffffff
R12=0x00000007c0128f98, R13=0x00007f7cab9c8d70, R14=0x0000000000000000, R15=0x00000007c0128f98
RIP=0x00007f7c7f576aeb, EFLAGS=0x0000000000010202, CSGSFS=0x002b000000000033, ERR=0x0000000000000004
  TRAPNO=0x000000000000000e

Top of Stack: (sp=0x00007f7cab9c8b50)
0x00007f7cab9c8b50:   00007f7ca4e0ddc0 00007f7c76000000
0x00007f7cab9c8b60:   0000000000000001 0000000000100000
0x00007f7cab9c8b70:   00007f7cab9c8d70 00007f7c7f62310e
0x00007f7cab9c8b80:   0000000000000000 00007f7cab9c9098
0x00007f7cab9c8b90:   00000007c0128f98 0000000000000001
0x00007f7cab9c8ba0:   00000000e9d90000 00007f7c76000000
0x00007f7cab9c8bb0:   0000000000000001 0000000000100000
0x00007f7cab9c8bc0:   00007f7b78600000 0000000000000000
0x00007f7cab9c8bd0:   00007f7cab9c9098 00007f7ca4e14020
0x00007f7cab9c8be0:   00007f7ca4e0ddc0 00007f7ca4b31980
0x00007f7cab9c8bf0:   00007f7cab9c8d70 00007f7c7f6ebdf9
0x00007f7cab9c8c00:   0000000200000002 00007f7cab9c8bf0
0x00007f7cab9c8c10:   0000000000000000 00007f7be9395370
0x00007f7cab9c8c20:   00007f7ca4e0df00 00007f7ca4e0ddc0
0x00007f7cab9c8c30:   00007f7ca4e16660 00007f7c7f6cf6b4
0x00007f7cab9c8c40:   00007f7ca4e0de08 0000000000000001
0x00007f7cab9c8c50:   00007f7ca4b31980 00007f7cab9c9218
0x00007f7cab9c8c60:   00007f7ca4e14020 0000000000000001
0x00007f7cab9c8c70:   0000000000100000 00007f7c7f6ec9c5
0x00007f7cab9c8c80:   00007f7ca4e14f80 00007f7cab9c8cf0
0x00007f7cab9c8c90:   00007f7cab9c8eb0 00007f7cab9c8d70
0x00007f7cab9c8ca0:   000000007a500000 0000000000000000
0x00007f7cab9c8cb0:   00007f7ca4e0ddc0 0000000000000000
0x00007f7cab9c8cc0:   00007f7cab9c9098 0000000000000000
0x00007f7cab9c8cd0:   00007f7cab9c8df0 0000000000000001
0x00007f7cab9c8ce0:   0000000000000000 0000000000000000
0x00007f7cab9c8cf0:   0000000000000001 0000000000000000
0x00007f7cab9c8d00:   0000000000000000 0000000000000000
0x00007f7cab9c8d10:   00007f7ca4e14f80 0000000000000000
0x00007f7cab9c8d20:   0000000000100000 0000000000000001
0x00007f7cab9c8d30:   0000000000000000 0000000000000000
0x00007f7cab9c8d40:   0000000000000000 0000000000000000 

Instructions: (pc=0x00007f7c7f576aeb)
0x00007f7c7f576acb:   fb 3f 76 56 48 89 da 48 89 e9 4c 89 e0 0f 1f 84
0x00007f7c7f576adb:   00 00 00 00 00 0f 10 18 48 83 ea 40 0f 10 50 10
0x00007f7c7f576aeb:   0f 10 48 20 0f 10 40 30 48 83 c0 40 0f 2b 19 0f
0x00007f7c7f576afb:   2b 51 10 0f 2b 49 20 0f 2b 41 30 48 83 c1 40 48 

Register to memory mapping:

RAX=0x00000007c013ffd8 is pointing into metadata
RBX=0x0000000000100000 is an unknown value
RCX=0x00007f7c76017040 is an unknown value
RDX=0x00000000000e8f80 is an unknown value
RSP=0x00007f7cab9c8b50 is pointing into the stack for thread: 0x00007f7ca4009800
RBP=0x00007f7c76000000 is an unknown value
RSI=0x00000007c0128f98 is pointing into metadata
RDI=0x00007f7c76000000 is an unknown value
R8 =0x00007f7c76000000 is an unknown value
R9 =0x0000000000100000 is an unknown value
R10=0x0000000000000000 is an unknown value
R11=0x00000000ffffffff is an unknown value
R12=0x00000007c0128f98 is pointing into metadata
R13=0x00007f7cab9c8d70 is pointing into the stack for thread: 0x00007f7ca4009800
R14=0x0000000000000000 is an unknown value
R15=0x00000007c0128f98 is pointing into metadata


Stack: [0x00007f7cab8cb000,0x00007f7cab9cb000],  sp=0x00007f7cab9c8b50,  free space=1014k
Native frames: (J=compiled Java code, j=interpreted, Vv=VM code, C=native code)
C  [libcuda.so.1+0x116aeb]

Java frames: (J=compiled Java code, j=interpreted, Vv=VM code)
j  jcuda.jcublas.JCublas.cublasSetVectorNative(IILjcuda/Pointer;ILjcuda/Pointer;I)I+0
j  jcuda.jcublas.JCublas.cublasSetVector(IILjcuda/Pointer;ILjcuda/Pointer;I)I+8
j  com.neuralgis.graphics.GPUMathKernel.pmult(F[F[F)[F+124
j  com.neuralgis.Exec.profile(ILcom/neuralgis/graphics/GPUMathKernel;)V+104
j  com.neuralgis.Exec.main([Ljava/lang/String;)V+115
v  ~StubRoutines::call_stub

---------------  P R O C E S S  ---------------

Java Threads: ( => current thread )
  0x00007f7ca432d800 JavaThread "AWT-XAWT" daemon [_thread_in_native, id=3973, stack(0x00007f7c859b8000,0x00007f7c85ab9000)]
  0x00007f7ca4304000 JavaThread "Java2D Disposer" daemon [_thread_blocked, id=3972, stack(0x00007f7c85eca000,0x00007f7c85fcb000)]
  0x00007f7ca40e8000 JavaThread "Service Thread" daemon [_thread_blocked, id=3970, stack(0x00007f7c8c4e7000,0x00007f7c8c5e8000)]
  0x00007f7ca40cb000 JavaThread "C1 CompilerThread3" daemon [_thread_blocked, id=3969, stack(0x00007f7c8c5e9000,0x00007f7c8c6e9000)]
  0x00007f7ca40c8800 JavaThread "C2 CompilerThread2" daemon [_thread_blocked, id=3968, stack(0x00007f7c8c6ea000,0x00007f7c8c7ea000)]
  0x00007f7ca40c7000 JavaThread "C2 CompilerThread1" daemon [_thread_blocked, id=3967, stack(0x00007f7c8c7eb000,0x00007f7c8c8eb000)]
  0x00007f7ca40c4000 JavaThread "C2 CompilerThread0" daemon [_thread_blocked, id=3966, stack(0x00007f7c8c8ec000,0x00007f7c8c9ec000)]
  0x00007f7ca40c2800 JavaThread "Signal Dispatcher" daemon [_thread_blocked, id=3965, stack(0x00007f7c8c9ec000,0x00007f7c8caed000)]
  0x00007f7ca408b800 JavaThread "Finalizer" daemon [_thread_blocked, id=3964, stack(0x00007f7c8cc6e000,0x00007f7c8cd6f000)]
  0x00007f7ca4087000 JavaThread "Reference Handler" daemon [_thread_blocked, id=3963, stack(0x00007f7c8cd6f000,0x00007f7c8ce70000)]
=>0x00007f7ca4009800 JavaThread "main" [_thread_in_native, id=3953, stack(0x00007f7cab8cb000,0x00007f7cab9cb000)]

Other Threads:
  0x00007f7ca407f800 VMThread [stack: 0x00007f7c8ce71000,0x00007f7c8cf71000] [id=3962]
  0x00007f7ca40ea800 WatcherThread [stack: 0x00007f7c8c3e7000,0x00007f7c8c4e7000] [id=3971]

VM state:not at safepoint (normal execution)

VM Mutex/Monitor currently owned by a thread: None

Heap:
 PSYoungGen      total 1835008K, used 1070934K [0x0000000740000000, 0x00000007c0000000, 0x00000007c0000000)
  eden space 1572864K, 68% used [0x0000000740000000,0x00000007815d5998,0x00000007a0000000)
  from space 262144K, 0% used [0x00000007b0000000,0x00000007b0000000,0x00000007c0000000)
  to   space 262144K, 0% used [0x00000007a0000000,0x00000007a0000000,0x00000007b0000000)
 ParOldGen       total 4194304K, used 1953125K [0x0000000640000000, 0x0000000740000000, 0x0000000740000000)
  object space 4194304K, 46% used [0x0000000640000000,0x00000006b7359420,0x0000000740000000)
 Metaspace       used 10087K, capacity 10202K, committed 10240K, reserved 1058816K
  class space    used 1181K, capacity 1251K, committed 1280K, reserved 1048576K

Card table byte_map: [0x00007f7ca82d7000,0x00007f7ca8ed8000] byte_map_base: 0x00007f7ca50d7000

Marking Bits: (ParMarkBitMap*) 0x00007f7caadb1d00
 Begin Bits: [0x00007f7c4c000000, 0x00007f7c52000000)
 End Bits:   [0x00007f7c52000000, 0x00007f7c58000000)

Polling page: 0x00007f7cab9fd000

CodeCache: size=245760Kb used=2067Kb max_used=2079Kb free=243692Kb
 bounds [0x00007f7c95000000, 0x00007f7c95270000, 0x00007f7ca4000000]
 total_blobs=967 nmethods=437 adapters=445
 compilation: enabled

Compilation events (10 events):
Event: 2.846 Thread 0x00007f7ca40c8800  433 %     4       com.neuralgis.Exec::fillArray @ 14 (34 bytes)
Event: 2.849 Thread 0x00007f7ca40c8800 nmethod 433% 0x00007f7c95201c50 code [0x00007f7c95201de0, 0x00007f7c95202138]
Event: 2.849 Thread 0x00007f7ca40c4000  434       4       com.neuralgis.Exec::fillArray (34 bytes)
Event: 2.853 Thread 0x00007f7ca40c4000 nmethod 434 0x00007f7c95204fd0 code [0x00007f7c95205160, 0x00007f7c95205578]
Event: 4.924 Thread 0x00007f7ca40cb000  435 %     3       java.util.Arrays::fill @ 5 (21 bytes)
Event: 4.924 Thread 0x00007f7ca40cb000 nmethod 435% 0x00007f7c95204550 code [0x00007f7c952046c0, 0x00007f7c95204910]
Event: 4.925 Thread 0x00007f7ca40cb000  436       3       java.util.Arrays::fill (21 bytes)
Event: 4.925 Thread 0x00007f7ca40cb000 nmethod 436 0x00007f7c95205f10 code [0x00007f7c95206080, 0x00007f7c95206270]
Event: 4.925 Thread 0x00007f7ca40c7000  437 %     4       java.util.Arrays::fill @ 5 (21 bytes)
Event: 4.927 Thread 0x00007f7ca40c7000 nmethod 437% 0x00007f7c95205ad0 code [0x00007f7c95205c20, 0x00007f7c95205e18]

GC Heap History (0 events):
No events

Deoptimization events (3 events):
Event: 0.258 Thread 0x00007f7ca4009800 Uncommon trap: reason=unstable_if action=reinterpret pc=0x00007f7c951d3a70 method=java.lang.String.replace(CC)Ljava/lang/String; @ 2
Event: 2.605 Thread 0x00007f7ca4009800 Uncommon trap: reason=unstable_if action=reinterpret pc=0x00007f7c952015bc method=com.neuralgis.Exec.fillArray(I)[F @ 16
Event: 4.981 Thread 0x00007f7ca4009800 Uncommon trap: reason=unstable_if action=reinterpret pc=0x00007f7c95205d70 method=java.util.Arrays.fill([FF)V @ 7

Classes redefined (0 events):
No events

Internal exceptions (10 events):
Event: 0.076 Thread 0x00007f7ca4009800 Exception <a 'java/security/PrivilegedActionException'> (0x0000000740124298) thrown at [/jonnyzzz/hotspot/src/share/vm/prims/jvm.cpp, line 1390]
Event: 0.076 Thread 0x00007f7ca4009800 Exception <a 'java/security/PrivilegedActionException'> (0x00000007401263b8) thrown at [/jonnyzzz/hotspot/src/share/vm/prims/jvm.cpp, line 1390]
Event: 0.076 Thread 0x00007f7ca4009800 Exception <a 'java/security/PrivilegedActionException'> (0x00000007401265c8) thrown at [/jonnyzzz/hotspot/src/share/vm/prims/jvm.cpp, line 1390]
Event: 0.076 Thread 0x00007f7ca4009800 Exception <a 'java/security/PrivilegedActionException'> (0x0000000740127240) thrown at [/jonnyzzz/hotspot/src/share/vm/prims/jvm.cpp, line 1390]
Event: 0.076 Thread 0x00007f7ca4009800 Exception <a 'java/security/PrivilegedActionException'> (0x0000000740127450) thrown at [/jonnyzzz/hotspot/src/share/vm/prims/jvm.cpp, line 1390]
Event: 0.103 Thread 0x00007f7ca4009800 Exception <a 'java/lang/NoSuchFieldError': method resolution failed> (0x00000007401f30b8) thrown at [/jonnyzzz/hotspot/src/share/vm/prims/methodHandles.cpp, line 1167]
Event: 0.105 Thread 0x00007f7ca4009800 Exception <a 'java/lang/NoSuchFieldError': method resolution failed> (0x0000000740200888) thrown at [/jonnyzzz/hotspot/src/share/vm/prims/methodHandles.cpp, line 1167]
Event: 0.117 Thread 0x00007f7ca4009800 Exception <a 'java/io/FileNotFoundException'> (0x00000007402812b0) thrown at [/jonnyzzz/hotspot/src/share/vm/prims/jni.cpp, line 709]
Event: 0.117 Thread 0x00007f7ca4009800 Exception <a 'java/io/FileNotFoundException'> (0x0000000740281c78) thrown at [/jonnyzzz/hotspot/src/share/vm/prims/jni.cpp, line 709]
Event: 0.153 Thread 0x00007f7ca4009800 Exception <a 'java/io/FileNotFoundException'> (0x00000007402e4840) thrown at [/jonnyzzz/hotspot/src/share/vm/prims/jni.cpp, line 709]

Events (10 events):
Event: 2.605 Thread 0x00007f7ca4009800 DEOPT UNPACKING pc=0x00007f7c9504547a sp=0x00007f7cab9c9798 mode 2
Event: 2.849 Thread 0x00007f7ca4009800 DEOPT PACKING pc=0x00007f7c95202b84 sp=0x00007f7cab9c9710
Event: 2.849 Thread 0x00007f7ca4009800 DEOPT UNPACKING pc=0x00007f7c950474c4 sp=0x00007f7cab9c9508 mode 0
Event: 4.042 Executing VM operation: EnableBiasedLocking
Event: 4.678 Executing VM operation: EnableBiasedLocking done
Event: 4.927 Thread 0x00007f7ca4009800 DEOPT PACKING pc=0x00007f7c95204844 sp=0x00007f7cab9c9720
Event: 4.927 Thread 0x00007f7ca4009800 DEOPT UNPACKING pc=0x00007f7c950474c4 sp=0x00007f7cab9c9470 mode 0
Event: 4.981 Thread 0x00007f7ca4009800 Uncommon trap: trap_request=0xffffff65 fr.pc=0x00007f7c95205d70
Event: 4.981 Thread 0x00007f7ca4009800 DEOPT PACKING pc=0x00007f7c95205d70 sp=0x00007f7cab9c9730
Event: 4.981 Thread 0x00007f7ca4009800 DEOPT UNPACKING pc=0x00007f7c9504547a sp=0x00007f7cab9c96f0 mode 2


Dynamic libraries:
003ff000-00400000 rw-p 00000000 08:22 4604341                            /root/anaconda3/envs/java_env/bin/java
00400000-00401000 r-xp 00001000 08:22 4604341                            /root/anaconda3/envs/java_env/bin/java
00600000-00601000 rw-p 00001000 08:22 4604341                            /root/anaconda3/envs/java_env/bin/java
024d2000-024f3000 rw-p 00000000 00:00 0                                  [heap]
200000000-200200000 rw-s 00000000 00:06 16629                            /dev/nvidiactl
200200000-200400000 ---p 00000000 00:00 0 
200400000-200404000 rw-s 00000000 00:06 16629                            /dev/nvidiactl
200404000-200600000 ---p 00000000 00:00 0 
200600000-200a00000 rw-s 00000000 00:06 16629                            /dev/nvidiactl
200a00000-201600000 ---p 00000000 00:00 0 
201600000-201604000 rw-s 00000000 00:06 16629                            /dev/nvidiactl
201604000-201800000 ---p 00000000 00:00 0 
201800000-201c00000 rw-s 00000000 00:06 16629                            /dev/nvidiactl
201c00000-202800000 ---p 00000000 00:00 0 
202800000-202804000 rw-s 00000000 00:06 16629                            /dev/nvidiactl
202804000-202a00000 ---p 00000000 00:00 0 
202a00000-202e00000 rw-s 00000000 00:06 16629                            /dev/nvidiactl
202e00000-203a00000 ---p 00000000 00:00 0 
203a00000-203a04000 rw-s 00000000 00:06 16629                            /dev/nvidiactl
203a04000-203c00000 ---p 00000000 00:00 0 
203c00000-204000000 rw-s 00000000 00:06 16629                            /dev/nvidiactl
204000000-204c00000 ---p 00000000 00:00 0 
204c00000-204c04000 rw-s 00000000 00:06 16629                            /dev/nvidiactl
204c04000-204e00000 ---p 00000000 00:00 0 
204e00000-205200000 rw-s 00000000 00:06 16629                            /dev/nvidiactl
205200000-205e00000 ---p 00000000 00:00 0 
205e00000-205e04000 rw-s 00000000 00:06 16629                            /dev/nvidiactl
205e04000-206000000 ---p 00000000 00:00 0 
206000000-206400000 rw-s 00000000 00:06 16629                            /dev/nvidiactl
206400000-207000000 ---p 00000000 00:00 0 
207000000-207004000 rw-s 00000000 00:06 16629                            /dev/nvidiactl
207004000-207200000 ---p 00000000 00:00 0 
207200000-207600000 rw-s 00000000 00:06 16629                            /dev/nvidiactl
207600000-208200000 ---p 00000000 00:00 0 
208200000-208204000 rw-s 00000000 00:06 16629                            /dev/nvidiactl
208204000-208400000 ---p 00000000 00:00 0 
208400000-208800000 rw-s 00000000 00:06 16629                            /dev/nvidiactl
208800000-209400000 ---p 00000000 00:00 0 
209400000-209404000 rw-s 00000000 00:06 16629                            /dev/nvidiactl
209404000-209600000 ---p 00000000 00:00 0 
209600000-209a00000 rw-s 00000000 00:06 16629                            /dev/nvidiactl
209a00000-209a04000 rw-s 00000000 00:06 16629                            /dev/nvidiactl
209a04000-209c00000 ---p 00000000 00:00 0 
209c00000-20a000000 rw-s 00000000 00:06 16629                            /dev/nvidiactl
20a000000-20a004000 rw-s 00000000 00:06 16629                            /dev/nvidiactl
20a004000-20a200000 ---p 00000000 00:00 0 
20a200000-20a600000 rw-s 00000000 00:06 16629                            /dev/nvidiactl
20a600000-20a604000 rw-s 00000000 00:06 16629                            /dev/nvidiactl
20a604000-20a800000 ---p 00000000 00:00 0 
20a800000-20ac00000 rw-s 00000000 00:06 16629                            /dev/nvidiactl
20ac00000-20ac04000 rw-s 00000000 00:06 16629                            /dev/nvidiactl
20ac04000-20ae00000 ---p 00000000 00:00 0 
20ae00000-20b200000 rw-s 00000000 00:06 16629                            /dev/nvidiactl
20b200000-20b204000 rw-s 00000000 00:06 16629                            /dev/nvidiactl
20b204000-20b400000 ---p 00000000 00:00 0 
20b400000-20b800000 rw-s 00000000 00:06 16629                            /dev/nvidiactl
20b800000-20b804000 rw-s 00000000 00:06 16629                            /dev/nvidiactl
20b804000-20ba00000 ---p 00000000 00:00 0 
20ba00000-20be00000 rw-s 00000000 00:06 16629                            /dev/nvidiactl
20be00000-20be04000 rw-s 00000000 00:06 16629                            /dev/nvidiactl
20be04000-20c000000 ---p 00000000 00:00 0 
20c000000-20c400000 rw-s 00000000 00:06 16629                            /dev/nvidiactl
20c400000-20c600000 ---p 00000000 00:00 0 
20c600000-20c800000 rw-s 00000000 00:06 16629                            /dev/nvidiactl
20c800000-20ca00000 rw-s 00000000 00:06 16629                            /dev/nvidiactl
20ca00000-20cc00000 ---p 00000000 00:00 0 
20cc00000-20cc04000 rw-s 00000000 00:06 16629                            /dev/nvidiactl
20cc04000-20ce00000 ---p 00000000 00:00 0 
20ce00000-20d200000 rw-s 00000000 00:06 16629                            /dev/nvidiactl
20d200000-20de00000 ---p 00000000 00:00 0 
20de00000-20de04000 rw-s 00000000 00:06 16629                            /dev/nvidiactl
20de04000-20e000000 ---p 00000000 00:00 0 
20e000000-20e400000 rw-s 00000000 00:06 16629                            /dev/nvidiactl
20e400000-20f000000 ---p 00000000 00:00 0 
20f000000-20f004000 rw-s 00000000 00:06 16629                            /dev/nvidiactl
20f004000-20f200000 ---p 00000000 00:00 0 
20f200000-20f600000 rw-s 00000000 00:06 16629                            /dev/nvidiactl
20f600000-210200000 ---p 00000000 00:00 0 
210200000-210204000 rw-s 00000000 00:06 16629                            /dev/nvidiactl
210204000-210400000 ---p 00000000 00:00 0 
210400000-210800000 rw-s 00000000 00:06 16629                            /dev/nvidiactl
210800000-211400000 ---p 00000000 00:00 0 
211400000-211404000 rw-s 00000000 00:06 16629                            /dev/nvidiactl
211404000-211600000 ---p 00000000 00:00 0 
211600000-211a00000 rw-s 00000000 00:06 16629                            /dev/nvidiactl
211a00000-212600000 ---p 00000000 00:00 0 
212600000-212604000 rw-s 00000000 00:06 16629                            /dev/nvidiactl
212604000-212800000 ---p 00000000 00:00 0 
212800000-212c00000 rw-s 00000000 00:06 16629                            /dev/nvidiactl
212c00000-213800000 ---p 00000000 00:00 0 
213800000-213804000 rw-s 00000000 00:06 16629                            /dev/nvidiactl
213804000-213a00000 ---p 00000000 00:00 0 
213a00000-213e00000 rw-s 00000000 00:06 16629                            /dev/nvidiactl
213e00000-214a00000 ---p 00000000 00:00 0 
214a00000-214a04000 rw-s 00000000 00:06 16629                            /dev/nvidiactl
214a04000-214c00000 ---p 00000000 00:00 0 
214c00000-215000000 rw-s 00000000 00:06 16629                            /dev/nvidiactl
215000000-215c00000 ---p 00000000 00:00 0 
215c00000-215c04000 rw-s 00000000 00:06 16629                            /dev/nvidiactl
215c04000-215e00000 ---p 00000000 00:00 0 
215e00000-216200000 rw-s 00000000 00:06 16629                            /dev/nvidiactl
216200000-216204000 rw-s 00000000 00:06 16629                            /dev/nvidiactl
216204000-216400000 ---p 00000000 00:00 0 
216400000-216800000 rw-s 00000000 00:06 16629                            /dev/nvidiactl
216800000-216804000 rw-s 00000000 00:06 16629                            /dev/nvidiactl
216804000-216a00000 ---p 00000000 00:00 0 
216a00000-216e00000 rw-s 00000000 00:06 16629                            /dev/nvidiactl
216e00000-216e04000 rw-s 00000000 00:06 16629                            /dev/nvidiactl
216e04000-217000000 ---p 00000000 00:00 0 
217000000-217400000 rw-s 00000000 00:06 16629                            /dev/nvidiactl
217400000-217404000 rw-s 00000000 00:06 16629                            /dev/nvidiactl
217404000-217600000 ---p 00000000 00:00 0 
217600000-217a00000 rw-s 00000000 00:06 16629                            /dev/nvidiactl
217a00000-217a04000 rw-s 00000000 00:06 16629                            /dev/nvidiactl
217a04000-217c00000 ---p 00000000 00:00 0 
217c00000-218000000 rw-s 00000000 00:06 16629                            /dev/nvidiactl
218000000-218004000 rw-s 00000000 00:06 16629                            /dev/nvidiactl
218004000-218200000 ---p 00000000 00:00 0 
218200000-218600000 rw-s 00000000 00:06 16629                            /dev/nvidiactl
218600000-218604000 rw-s 00000000 00:06 16629                            /dev/nvidiactl
218604000-218800000 ---p 00000000 00:00 0 
218800000-218c00000 rw-s 00000000 00:06 16629                            /dev/nvidiactl
218c00000-218e00000 ---p 00000000 00:00 0 
218e00000-219000000 rw-s 00000000 00:06 16629                            /dev/nvidiactl
219000000-300200000 ---p 00000000 00:00 0 
640000000-7c0140000 rw-p 00000000 00:00 0 
7c0140000-800000000 ---p 00000000 00:00 0 
10000000000-10308000000 ---p 00000000 00:00 0 
7f7a14400000-7f7be8000000 ---p 00000000 00:00 0 
7f7be8000000-7f7bea510000 rw-p 00000000 00:00 0 
7f7bea510000-7f7bec000000 ---p 00000000 00:00 0 
7f7bf0000000-7f7bf4000000 rw-p 00000000 00:00 0 
7f7bf4800000-7f7bfc000000 ---p 00000000 00:00 0 
7f7bfc000000-7f7bfc021000 rw-p 00000000 00:00 0 
7f7bfc021000-7f7c00000000 ---p 00000000 00:00 0 
7f7c00800000-7f7c08000000 ---p 00000000 00:00 0 
7f7c08000000-7f7c08021000 rw-p 00000000 00:00 0 
7f7c08021000-7f7c0c000000 ---p 00000000 00:00 0 
7f7c0c000000-7f7c0c021000 rw-p 00000000 00:00 0 
7f7c0c021000-7f7c10000000 ---p 00000000 00:00 0 
7f7c10000000-7f7c10021000 rw-p 00000000 00:00 0 
7f7c10021000-7f7c14000000 ---p 00000000 00:00 0 
7f7c16000000-7f7c1c000000 ---p 00000000 00:00 0 
7f7c1c000000-7f7c1c021000 rw-p 00000000 00:00 0 
7f7c1c021000-7f7c20000000 ---p 00000000 00:00 0 
7f7c20000000-7f7c20021000 rw-p 00000000 00:00 0 
7f7c20021000-7f7c24000000 ---p 00000000 00:00 0 
7f7c24000000-7f7c24021000 rw-p 00000000 00:00 0 
7f7c24021000-7f7c28000000 ---p 00000000 00:00 0 
7f7c28000000-7f7c28021000 rw-p 00000000 00:00 0 
7f7c28021000-7f7c2c000000 ---p 00000000 00:00 0 
7f7c2c000000-7f7c2c197000 rw-p 00000000 00:00 0 
7f7c2c197000-7f7c30000000 ---p 00000000 00:00 0 
7f7c30000000-7f7c30021000 rw-p 00000000 00:00 0 
7f7c30021000-7f7c34000000 ---p 00000000 00:00 0 
7f7c34000000-7f7c34035000 rw-p 00000000 00:00 0 
7f7c34035000-7f7c38000000 ---p 00000000 00:00 0 
7f7c38000000-7f7c3803c000 rw-p 00000000 00:00 0 
7f7c3803c000-7f7c3c000000 ---p 00000000 00:00 0 
7f7c3c000000-7f7c3c021000 rw-p 00000000 00:00 0 
7f7c3c021000-7f7c40000000 ---p 00000000 00:00 0 
7f7c40000000-7f7c4015d000 rw-p 00000000 00:00 0 
7f7c4015d000-7f7c44000000 ---p 00000000 00:00 0 
7f7c44000000-7f7c44021000 rw-p 00000000 00:00 0 
7f7c44021000-7f7c48000000 ---p 00000000 00:00 0 
7f7c48000000-7f7c48021000 rw-p 00000000 00:00 0 
7f7c48021000-7f7c4c000000 ---p 00000000 00:00 0 
7f7c4c000000-7f7c58000000 rw-p 00000000 00:00 0 
7f7c58000000-7f7c58021000 rw-p 00000000 00:00 0 
7f7c58021000-7f7c5c000000 ---p 00000000 00:00 0 
7f7c5c000000-7f7c5c021000 rw-p 00000000 00:00 0 
7f7c5c021000-7f7c60000000 ---p 00000000 00:00 0 
7f7c60000000-7f7c60021000 rw-p 00000000 00:00 0 
7f7c60021000-7f7c64000000 ---p 00000000 00:00 0 
7f7c68000000-7f7c68021000 rw-p 00000000 00:00 0 
7f7c68021000-7f7c6c000000 ---p 00000000 00:00 0 
7f7c6d000000-7f7c6d400000 ---p 00000000 00:00 0 
7f7c6d568000-7f7c6fdd4000 r-xp 00000000 08:22 12061928                   /usr/local/cuda-8.0/targets/x86_64-linux/lib/libcublas.so.8.0.61
7f7c6fdd4000-7f7c6ffd4000 ---p 0286c000 08:22 12061928                   /usr/local/cuda-8.0/targets/x86_64-linux/lib/libcublas.so.8.0.61
7f7c6ffd4000-7f7c6fff1000 rw-p 0286c000 08:22 12061928                   /usr/local/cuda-8.0/targets/x86_64-linux/lib/libcublas.so.8.0.61
7f7c6fff1000-7f7c70000000 rw-p 00000000 00:00 0 
7f7c70000000-7f7c70021000 rw-p 00000000 00:00 0 
7f7c70021000-7f7c74000000 ---p 00000000 00:00 0 
7f7c741d7000-7f7c741ff000 r-xp 00000000 08:22 4606589                    /tmp/libJCublas-0.8.0-linux-x86_64.so
7f7c741ff000-7f7c743fe000 ---p 00028000 08:22 4606589                    /tmp/libJCublas-0.8.0-linux-x86_64.so
7f7c743fe000-7f7c743ff000 r--p 00027000 08:22 4606589                    /tmp/libJCublas-0.8.0-linux-x86_64.so
7f7c743ff000-7f7c74400000 rw-p 00028000 08:22 4606589                    /tmp/libJCublas-0.8.0-linux-x86_64.so
7f7c74400000-7f7c75800000 ---p 00000000 00:00 0 
7f7c75800000-7f7c75ad6000 rw-s 00000000 00:06 16629                      /dev/nvidiactl
7f7c75ad6000-7f7c75c00000 ---p 00000000 00:00 0 
7f7c75c00000-7f7c75e00000 rw-s 00000000 00:06 16629                      /dev/nvidiactl
7f7c75e00000-7f7c76000000 rw-s 00000000 00:05 647128                     /dev/zero (deleted)
7f7c76000000-7f7c76200000 rw-s 00000000 00:06 16629                      /dev/nvidiactl
7f7c76200000-7f7c76400000 rw-s 00000000 00:05 647127                     /dev/zero (deleted)
7f7c765ff000-7f7c76600000 ---p 00000000 00:00 0 
7f7c76600000-7f7c76e00000 rw-p 00000000 00:00 0 
7f7c76e00000-7f7c78000000 ---p 00000000 00:00 0 
7f7c78000000-7f7c78021000 rw-p 00000000 00:00 0 
7f7c78021000-7f7c7c000000 ---p 00000000 00:00 0 
7f7c7c200000-7f7c7c600000 ---p 00000000 00:00 0 
7f7c7c7ff000-7f7c7c800000 ---p 00000000 00:00 0 
7f7c7c800000-7f7c7d000000 rw-p 00000000 00:00 0 
7f7c7d000000-7f7c7d2d6000 rw-s 00000000 00:06 16629                      /dev/nvidiactl
7f7c7d2d6000-7f7c7d400000 ---p 00000000 00:00 0 
7f7c7d400000-7f7c7d600000 rw-s 00000000 00:06 16629                      /dev/nvidiactl
7f7c7d600000-7f7c7d800000 rw-s 00000000 00:05 647123                     /dev/zero (deleted)
7f7c7d800000-7f7c7da00000 rw-s 00000000 00:06 16629                      /dev/nvidiactl
7f7c7da00000-7f7c7dc00000 rw-s 00000000 00:05 647122                     /dev/zero (deleted)
7f7c7dc5d000-7f7c7dc5e000 ---p 00000000 00:00 0 
7f7c7dc5e000-7f7c7e45e000 rw-p 00000000 00:00 0 
7f7c7e45e000-7f7c7e45f000 ---p 00000000 00:00 0 
7f7c7e45f000-7f7c7ec5f000 rw-p 00000000 00:00 0 
7f7c7ec5f000-7f7c7ec60000 ---p 00000000 00:00 0 
7f7c7ec60000-7f7c7f460000 rw-p 00000000 00:00 0 
7f7c7f460000-7f7c7fca2000 r-xp 00000000 08:22 3439291                    /usr/lib64/libcuda.so.390.48
7f7c7fca2000-7f7c7fea1000 ---p 00842000 08:22 3439291                    /usr/lib64/libcuda.so.390.48
7f7c7fea1000-7f7c7fff2000 rw-p 00841000 08:22 3439291                    /usr/lib64/libcuda.so.390.48
7f7c7fff2000-7f7c80000000 rw-p 00000000 00:00 0 
7f7c80000000-7f7c80021000 rw-p 00000000 00:00 0 
7f7c80021000-7f7c84000000 ---p 00000000 00:00 0 
7f7c84200000-7f7c84600000 ---p 00000000 00:00 0 
7f7c84731000-7f7c8476e000 r-xp 00000000 08:22 3439292                    /usr/lib64/libnvidia-fatbinaryloader.so.390.48
7f7c8476e000-7f7c8496d000 ---p 0003d000 08:22 3439292                    /usr/lib64/libnvidia-fatbinaryloader.so.390.48
7f7c8496d000-7f7c84978000 rw-p 0003c000 08:22 3439292                    /usr/lib64/libnvidia-fatbinaryloader.so.390.48
7f7c84978000-7f7c8497d000 rw-p 00000000 00:00 0 
7f7c8498a000-7f7c8498b000 r--p 00000000 00:00 0 
7f7c8498b000-7f7c8498c000 rw-s 00000000 00:06 13861                      /dev/nvidia0
7f7c8498c000-7f7c8498d000 rw-s 00000000 00:06 16629                      /dev/nvidiactl
7f7c8498d000-7f7c8498e000 rw-s 00000000 00:06 13861                      /dev/nvidia0
7f7c8498e000-7f7c8498f000 rw-s 00000000 00:06 16629                      /dev/nvidiactl
7f7c8498f000-7f7c84990000 rw-s 00000000 00:06 13861                      /dev/nvidia0
7f7c84990000-7f7c84991000 rw-s 00000000 00:06 16629                      /dev/nvidiactl
7f7c84991000-7f7c84992000 rw-s 00000000 00:06 13861                      /dev/nvidia0
7f7c84992000-7f7c84993000 rw-s 00000000 00:06 16629                      /dev/nvidiactl
7f7c84993000-7f7c84994000 rw-s 00000000 00:06 13861                      /dev/nvidia0
7f7c84994000-7f7c84995000 rw-s 00000000 00:06 16629                      /dev/nvidiactl
7f7c84995000-7f7c84996000 rw-s 00000000 00:06 13861                      /dev/nvidia0
7f7c84996000-7f7c84997000 rw-s 00000000 00:06 16629                      /dev/nvidiactl
7f7c84997000-7f7c84998000 rw-s 00000000 00:06 13861                      /dev/nvidia0
7f7c84998000-7f7c84999000 rw-s 00000000 00:06 16629                      /dev/nvidiactl
7f7c84999000-7f7c8499a000 rw-s 00000000 00:06 13861                      /dev/nvidia0
7f7c8499a000-7f7c8499b000 rw-s 00000000 00:06 16629                      /dev/nvidiactl
7f7c8499b000-7f7c8499c000 rw-s 00000000 00:06 13861                      /dev/nvidia0
7f7c8499c000-7f7c8499d000 rw-s 00000000 00:06 16629                      /dev/nvidiactl
7f7c8499d000-7f7c8499e000 rw-s 00000000 00:06 13861                      /dev/nvidia0
7f7c8499e000-7f7c8499f000 rw-s 00000000 00:06 16629                      /dev/nvidiactl
7f7c8499f000-7f7c849a0000 rw-s 00000000 00:06 13861                      /dev/nvidia0
7f7c849a0000-7f7c849a1000 rw-s 00000000 00:06 16629                      /dev/nvidiactl
7f7c849a1000-7f7c849a2000 rw-s 00000000 00:06 13861                      /dev/nvidia0
7f7c849a2000-7f7c849a3000 rw-s 00000000 00:06 16629                      /dev/nvidiactl
7f7c849a3000-7f7c849a4000 rw-s 00000000 00:06 13861                      /dev/nvidia0
7f7c849a4000-7f7c849a5000 rw-s 00000000 00:06 16629                      /dev/nvidiactl
7f7c849a5000-7f7c849a6000 rw-s 00000000 00:06 13861                      /dev/nvidia0
7f7c849a6000-7f7c849a7000 rw-s 00000000 00:06 16629                      /dev/nvidiactl
7f7c849a7000-7f7c849a8000 rw-s 00000000 00:06 13861                      /dev/nvidia0
7f7c849a8000-7f7c849a9000 rw-s 00000000 00:06 16629                      /dev/nvidiactl
7f7c849a9000-7f7c849aa000 rw-s 00000000 00:06 13861                      /dev/nvidia0
7f7c849aa000-7f7c849ab000 rw-s 00000000 00:06 16629                      /dev/nvidiactl
7f7c849ab000-7f7c849ac000 rw-s 00000000 00:06 13861                      /dev/nvidia0
7f7c849ac000-7f7c849ad000 rw-s 00000000 00:06 16629                      /dev/nvidiactl
7f7c849ad000-7f7c849ae000 rw-s 00000000 00:06 13861                      /dev/nvidia0
7f7c849ae000-7f7c84b28000 r-xp 00000000 08:22 3413616                    /usr/lib64/libstdc++.so.6.0.25
7f7c84b28000-7f7c84d28000 ---p 0017a000 08:22 3413616                    /usr/lib64/libstdc++.so.6.0.25
7f7c84d28000-7f7c84d32000 r--p 0017a000 08:22 3413616                    /usr/lib64/libstdc++.so.6.0.25
7f7c84d32000-7f7c84d34000 rw-p 00184000 08:22 3413616                    /usr/lib64/libstdc++.so.6.0.25
7f7c84d34000-7f7c84d37000 rw-p 00000000 00:00 0 
7f7c84d37000-7f7c84dc4000 r-xp 00000000 08:22 4606522                    /tmp/libJCudaRuntime-0.8.0-linux-x86_64.so
7f7c84dc4000-7f7c84fc4000 ---p 0008d000 08:22 4606522                    /tmp/libJCudaRuntime-0.8.0-linux-x86_64.so
7f7c84fc4000-7f7c84fc7000 r--p 0008d000 08:22 4606522                    /tmp/libJCudaRuntime-0.8.0-linux-x86_64.so
7f7c84fc7000-7f7c84fc8000 rw-p 00090000 08:22 4606522                    /tmp/libJCudaRuntime-0.8.0-linux-x86_64.so
7f7c84fc8000-7f7c84fc9000 rw-p 00000000 00:00 0 
7f7c84fc9000-7f7c84fcc000 r--s 00000000 08:22 2103965                    /var/cache/fontconfig/d458be102e54cf534d1eef0dcbb02d07-x86_64.cache-7
7f7c84fcc000-7f7c85073000 r--s 00000000 08:22 2103964                    /var/cache/fontconfig/7ef2298fde41cc6eeb7af42e48b7d293-x86_64.cache-7
7f7c85073000-7f7c85074000 r--s 00000000 08:22 2105774                    /var/cache/fontconfig/fb8341411dac03919a6f30c61d3ee363-x86_64.cache-7
7f7c85074000-7f7c85075000 r--s 00000000 08:22 2105773                    /var/cache/fontconfig/31d258c26849b1f3b28618b43aef0df4-x86_64.cache-7
7f7c85075000-7f7c85076000 r--s 00000000 08:22 2105772                    /var/cache/fontconfig/8aefcdceaf7081f7a76e5c97af6ee8fa-x86_64.cache-7
7f7c85076000-7f7c8507d000 r--s 00000000 08:22 2100228                    /var/cache/fontconfig/2b4c5ecca09e2930001c0780a4ec3c17-x86_64.cache-7
7f7c8507d000-7f7c85080000 r--s 00000000 08:22 2105771                    /var/cache/fontconfig/e441f703392db685a997a1ed288d022a-x86_64.cache-7
7f7c85080000-7f7c850c1000 r--s 00000000 08:22 2105770                    /var/cache/fontconfig/4c50721ef3546eb2746d415117216e74-x86_64.cache-7
7f7c850c1000-7f7c850e3000 r--s 00000000 08:22 2100226                    /var/cache/fontconfig/57f8ef3d0e053c7736a4f21b064a90d1-x86_64.cache-7
7f7c850e3000-7f7c850f5000 r--s 00000000 08:22 2100218                    /var/cache/fontconfig/a3d9fc77b234768faa6666bd507d86ff-x86_64.cache-7
7f7c850f5000-7f7c850f7000 r--s 00000000 08:22 2105769                    /var/cache/fontconfig/b7c4333675e0ca84d9af12927db7f5e5-x86_64.cache-7
7f7c850f7000-7f7c85103000 r--s 00000000 08:22 2105768                    /var/cache/fontconfig/b6565330f3cba832d0b61036a78e2648-x86_64.cache-7
7f7c85103000-7f7c85110000 r--s 00000000 08:22 2105767                    /var/cache/fontconfig/c7065e1c7dd0f6b2e3062b6686e0f20f-x86_64.cache-7
7f7c85110000-7f7c85124000 r--s 00000000 08:22 2105766                    /var/cache/fontconfig/aea8c537c52b25f9610906e9b4a66191-x86_64.cache-7
7f7c85124000-7f7c85126000 r--s 00000000 08:22 2105765                    /var/cache/fontconfig/fc21ea1fe6724c15d7343bb68dd7155d-x86_64.cache-7
7f7c85126000-7f7c85129000 r--s 00000000 08:22 2105764                    /var/cache/fontconfig/2f36c32c6ec3ca87de89a6eb757fa974-x86_64.cache-7
7f7c85129000-7f7c85140000 r--s 00000000 08:22 2105763                    /var/cache/fontconfig/b5c7c63143a222d0fb41621bb05e4dd9-x86_64.cache-7
7f7c85140000-7f7c85141000 r--s 00000000 08:22 2105762                    /var/cache/fontconfig/b248374641ab374d27a47787d24a662a-x86_64.cache-7
7f7c85141000-7f7c85142000 r--s 00000000 08:22 2105761                    /var/cache/fontconfig/60a6a8e2eba8f5e339200398e3020a89-x86_64.cache-7
7f7c85142000-7f7c85144000 r--s 00000000 08:22 2105760                    /var/cache/fontconfig/27de980c8d701e5bddda670399e94a62-x86_64.cache-7
7f7c85144000-7f7c8514f000 r--s 00000000 08:22 2105759                    /var/cache/fontconfig/f8cfbbb4f67cf1c6d567120266898df9-x86_64.cache-7
7f7c8514f000-7f7c85152000 r--s 00000000 08:22 2100216                    /var/cache/fontconfig/04057394083c8580e29af5f836e4bbee-x86_64.cache-7
7f7c85152000-7f7c85153000 r--s 00000000 08:22 2105758                    /var/cache/fontconfig/b49eb203a6323044c3ef321518a7c4ad-x86_64.cache-7
7f7c85153000-7f7c8515b000 r--s 00000000 08:22 2105757                    /var/cache/fontconfig/9642024f79e0ae81175262dc8692fd36-x86_64.cache-7
7f7c8515b000-7f7c8515c000 r--s 00000000 08:22 2100214                    /var/cache/fontconfig/02d7a162c19ac61d92102ff5c4b536f3-x86_64.cache-7
7f7c8515c000-7f7c85173000 r--s 00000000 08:22 2105756                    /var/cache/fontconfig/fd7552ca2e22d556db7b78aa62e5d17d-x86_64.cache-7
7f7c85173000-7f7c85174000 r--s 00000000 08:22 2105755                    /var/cache/fontconfig/1900b679ac95d61d92a4f38af8454124-x86_64.cache-7
7f7c85174000-7f7c85175000 r--s 00000000 08:22 2105754                    /var/cache/fontconfig/44341703fac325b97a432e722a1b303b-x86_64.cache-7
7f7c85175000-7f7c85177000 r--s 00000000 08:22 2105753                    /var/cache/fontconfig/4882e7936dde2f8c6b2c9778cdfbf579-x86_64.cache-7
7f7c85177000-7f7c85179000 r--s 00000000 08:22 2100213                    /var/cache/fontconfig/b912a5fc77aba9a6d28d487fdb15e945-x86_64.cache-7
7f7c85179000-7f7c85182000 r--s 00000000 08:22 2100210                    /var/cache/fontconfig/76708912a798f6bf5486ce12bb55aa01-x86_64.cache-7
7f7c85182000-7f7c85184000 r--s 00000000 08:22 2100209                    /var/cache/fontconfig/a62962a115384823a80f8fb1acb46c03-x86_64.cache-7
7f7c85184000-7f7c85186000 r--s 00000000 08:22 2105752                    /var/cache/fontconfig/52789122bf2c422b7a4fa53d117ff631-x86_64.cache-7
7f7c85186000-7f7c85188000 r--s 00000000 08:22 2100208                    /var/cache/fontconfig/71a28e53df282857de3dcef7f7ed5246-x86_64.cache-7
7f7c85188000-7f7c85191000 r--s 00000000 08:22 2100206                    /var/cache/fontconfig/7237c83a7eb2d0c7f826eea99bba016b-x86_64.cache-7
7f7c85191000-7f7c85194000 r--s 00000000 08:22 2105751                    /var/cache/fontconfig/95d6a5bec0533443806e37508bc880cf-x86_64.cache-7
7f7c85194000-7f7c85195000 r--s 00000000 08:22 2105750                    /var/cache/fontconfig/eaecbbb7b3f2f21857532dc0eebad5f0-x86_64.cache-7
7f7c85195000-7f7c85197000 r--s 00000000 08:22 2105749                    /var/cache/fontconfig/df1fba92f9c0bcd1f0fe353aacf5a56f-x86_64.cache-7
7f7c85197000-7f7c85198000 r--s 00000000 08:22 2105748                    /var/cache/fontconfig/2a6be49ceff89c94e9adf1154f671c58-x86_64.cache-7
7f7c85198000-7f7c85199000 r--s 00000000 08:22 2105747                    /var/cache/fontconfig/18cfc005bfbcbf9f4ecb3aa8acca4b42-x86_64.cache-7
7f7c85199000-7f7c8519a000 r--s 00000000 08:22 2105746                    /var/cache/fontconfig/56762fdc8a452d8a54310bd64bbd8798-x86_64.cache-7
7f7c8519a000-7f7c851d5000 r--s 00000000 08:22 2098654                    /var/cache/fontconfig/7e1fba7718b83835f0117a869412581c-x86_64.cache-7
7f7c851d5000-7f7c851db000 r--s 00000000 08:22 2100205                    /var/cache/fontconfig/354e877cbfbc9401d08cbbe48beb51cd-x86_64.cache-7
7f7c851db000-7f7c851e1000 r--s 00000000 08:22 2100204                    /var/cache/fontconfig/6f0357672268ad10a189f2b553ae96c9-x86_64.cache-7
7f7c851e1000-7f7c851e2000 r--s 00000000 08:22 2105745                    /var/cache/fontconfig/c6ee0477dcc88d978693dcb78af04e57-x86_64.cache-7
7f7c851e2000-7f7c851e3000 r--s 00000000 08:22 2100202                    /var/cache/fontconfig/25b817540e06e169f14b52d451568b23-x86_64.cache-7
7f7c851e3000-7f7c851e6000 r--s 00000000 08:22 2105744                    /var/cache/fontconfig/31e40d050c888897c1e171c9ac02cc2b-x86_64.cache-7
7f7c851e6000-7f7c851e7000 r--s 00000000 08:22 2100201                    /var/cache/fontconfig/79151458dde2f47bc2fc4b732617b0f6-x86_64.cache-7
7f7c851e7000-7f7c851e8000 r--s 00000000 08:22 2100200                    /var/cache/fontconfig/e2646fbdd2cc50c7b0041e93e29fbda3-x86_64.cache-7
7f7c851e8000-7f7c851ea000 r--s 00000000 08:22 2105743                    /var/cache/fontconfig/45d1b6d707b535ba7de6e9bf4f7590a0-x86_64.cache-7
7f7c851ea000-7f7c851ef000 r--s 00000000 08:22 2100197                    /var/cache/fontconfig/2e43216f659e9eea7ad07996076dce7f-x86_64.cache-7
7f7c851ef000-7f7c851fe000 r--s 00000000 08:22 2105742                    /var/cache/fontconfig/5bc7aa2815023af11741ded0fd3cf022-x86_64.cache-7
7f7c851fe000-7f7c85204000 r--s 00000000 08:22 2100196                    /var/cache/fontconfig/0186861a1c3913cfe13fb3e6cc8a9100-x86_64.cache-7
7f7c85204000-7f7c85208000 r--s 00000000 08:22 2105741                    /var/cache/fontconfig/244bee392fc7e82462e1326e3a0ba4fa-x86_64.cache-7
7f7c85208000-7f7c85215000 r--s 00000000 08:22 2100194                    /var/cache/fontconfig/8494f98c0e698d1f50fb58b9a51dbb5b-x86_64.cache-7
7f7c85215000-7f7c85217000 r--s 00000000 08:22 2105740                    /var/cache/fontconfig/53b86b42c29139cd37e9112ed1d048e0-x86_64.cache-7
7f7c85217000-7f7c85227000 r--s 00000000 08:22 2105739                    /var/cache/fontconfig/1d768b4a3f3922ecd7d9b16577152ce5-x86_64.cache-7
7f7c85227000-7f7c8522b000 r--s 00000000 08:22 2105738                    /var/cache/fontconfig/5510d20afe7d48f2d2afc95270ff98b9-x86_64.cache-7
7f7c8522b000-7f7c8522c000 r--s 00000000 08:22 2105737                    /var/cache/fontconfig/3dcf1bf112cd8793d57ee10bb3f93af8-x86_64.cache-7
7f7c8522c000-7f7c8522d000 r--s 00000000 08:22 2105736                    /var/cache/fontconfig/2673ed0cf22f0e376f8f523928576ca8-x86_64.cache-7
7f7c8522d000-7f7c8523c000 r--s 00000000 08:22 2100193                    /var/cache/fontconfig/f3ea1997a161b97e711ac49d1cadb58d-x86_64.cache-7
7f7c8523c000-7f7c852b1000 r--s 00000000 08:22 2105735                    /var/cache/fontconfig/54588b7ff0e34721d54765917d634828-x86_64.cache-7
7f7c852b1000-7f7c852b2000 r--s 00000000 08:22 2100191                    /var/cache/fontconfig/f32d9b32cbcfc1628160503b2eb0ca01-x86_64.cache-7
7f7c852b2000-7f7c852b4000 r--s 00000000 08:22 2105733                    /var/cache/fontconfig/573c323e0d00de72aae87ad64c559d11-x86_64.cache-7
7f7c852b4000-7f7c852b8000 r--s 00000000 08:22 2105732                    /var/cache/fontconfig/03a579a5c02b5ce699271a8623eacd4f-x86_64.cache-7
7f7c852b8000-7f7c853c3000 r--s 00000000 08:22 2100189                    /var/cache/fontconfig/8a388504a9c3632f2ecfe41ecbc495af-x86_64.cache-7
7f7c853c3000-7f7c853c5000 r--s 00000000 08:22 2105731                    /var/cache/fontconfig/f78daf97bf6ded3365a98f648103de77-x86_64.cache-7
7f7c853c5000-7f7c853c8000 r--s 00000000 08:22 2105730                    /var/cache/fontconfig/13f4011773c8c35170b3c1ee128a368e-x86_64.cache-7
7f7c853c8000-7f7c853cb000 r--s 00000000 08:22 2105729                    /var/cache/fontconfig/3c457729e4e5a9ff04779ca857c5fddb-x86_64.cache-7
7f7c853cb000-7f7c853cd000 r--s 00000000 08:22 2105728                    /var/cache/fontconfig/37e3bf11a789d8d924261b25fce532e5-x86_64.cache-7
7f7c853cd000-7f7c85445000 r--s 00000000 08:22 2105727                    /var/cache/fontconfig/1a7072bb427405d4236bb4198fcfb22a-x86_64.cache-7
7f7c85445000-7f7c85448000 r--s 00000000 08:22 2105726                    /var/cache/fontconfig/6cf00169a16fb597391ebfbef639229e-x86_64.cache-7
7f7c85448000-7f7c8544a000 r--s 00000000 08:22 2100183                    /var/cache/fontconfig/366820697b07ceaea425e1d8b6aab004-x86_64.cache-7
7f7c8544a000-7f7c85473000 r--s 00000000 08:22 2105724                    /var/cache/fontconfig/d4fe60d93f2935cff7814e4a010063a1-x86_64.cache-7
7f7c85473000-7f7c854b6000 r--s 00000000 08:22 2100337                    /var/cache/fontconfig/8d4af663993b81a124ee82e610bb31f9-x86_64.cache-7
7f7c854b6000-7f7c854c6000 r--s 00000000 08:22 2099912                    /var/cache/fontconfig/d42e465d3d703735db7577b46e8d64be-x86_64.cache-7
7f7c854c6000-7f7c85541000 r--s 00000000 08:22 2099107                    /var/cache/fontconfig/17090aa38d5c6f09fb8c5c354938f1d7-x86_64.cache-7
7f7c85541000-7f7c85542000 rw-s 00000000 00:06 16629                      /dev/nvidiactl
7f7c85542000-7f7c85543000 rw-s 00000000 00:06 13861                      /dev/nvidia0
7f7c85543000-7f7c85544000 rw-s 00000000 00:06 16629                      /dev/nvidiactl
7f7c85544000-7f7c85545000 rw-s 00000000 00:06 13861                      /dev/nvidia0
7f7c85545000-7f7c85546000 rw-s 00000000 00:06 16629                      /dev/nvidiactl
7f7c85546000-7f7c85547000 rw-s 00000000 00:06 13861                      /dev/nvidia0
7f7c85547000-7f7c85548000 rw-s 00000000 00:06 16629                      /dev/nvidiactl
7f7c85548000-7f7c85549000 rw-s 00000000 00:06 13861                      /dev/nvidia0
7f7c85549000-7f7c8554a000 rw-s 00000000 00:06 16629                      /dev/nvidiactl
7f7c8554a000-7f7c8554b000 rw-s 00000000 00:06 13861                      /dev/nvidia0
7f7c8554b000-7f7c8554c000 rw-s 00000000 00:06 16629                      /dev/nvidiactl
7f7c8554c000-7f7c8554d000 rw-s 00000000 00:06 13861                      /dev/nvidia0
7f7c8554d000-7f7c8554e000 rw-s 00000000 00:06 16629                      /dev/nvidiactl
7f7c8554e000-7f7c8554f000 rw-s 00000000 00:06 13861                      /dev/nvidia0
7f7c8554f000-7f7c85550000 rw-s 00000000 00:06 16629                      /dev/nvidiactl
7f7c85550000-7f7c85551000 rw-s 00000000 00:06 13861                      /dev/nvidia0
7f7c85551000-7f7c85552000 rw-s 00000000 00:06 16629                      /dev/nvidiactl
7f7c85552000-7f7c85553000 rw-s 00000000 00:06 13861                      /dev/nvidia0
7f7c85553000-7f7c85554000 rw-s 00000000 00:06 16629                      /dev/nvidiactl
7f7c85554000-7f7c85555000 rw-s 00000000 00:06 13861                      /dev/nvidia0
7f7c85555000-7f7c85556000 rw-s 00000000 00:06 16629                      /dev/nvidiactl
7f7c85556000-7f7c85557000 rw-s 00000000 00:06 13861                      /dev/nvidia0
7f7c85557000-7f7c85558000 rw-s 00000000 00:06 16629                      /dev/nvidiactl
7f7c85558000-7f7c85559000 rw-s 00000000 00:06 13861                      /dev/nvidia0
7f7c85559000-7f7c8555a000 rw-s 00000000 00:06 16629                      /dev/nvidiactl
7f7c8555a000-7f7c8555b000 rw-s 00000000 00:06 13861                      /dev/nvidia0
7f7c8555b000-7f7c8555c000 rw-s 00000000 00:06 16629                      /dev/nvidiactl
7f7c8555c000-7f7c8555d000 rw-s 00000000 00:06 13861                      /dev/nvidia0
7f7c8555d000-7f7c8555e000 rw-s 00000000 00:06 16629                      /dev/nvidiactl
7f7c8555e000-7f7c85591000 r-xp 00000000 08:22 4597406                    /tmp/libJCudaDriver-0.8.0-linux-x86_64.so
7f7c85591000-7f7c85790000 ---p 00033000 08:22 4597406                    /tmp/libJCudaDriver-0.8.0-linux-x86_64.so
7f7c85790000-7f7c85791000 r--p 00032000 08:22 4597406                    /tmp/libJCudaDriver-0.8.0-linux-x86_64.so
7f7c85791000-7f7c85792000 rw-p 00033000 08:22 4597406                    /tmp/libJCudaDriver-0.8.0-linux-x86_64.so
7f7c85792000-7f7c857ae000 r--s 00393000 08:22 4604592                    /root/anaconda3/envs/java_env/jre/lib/ext/cldrdata.jar
7f7c857ae000-7f7c857b8000 r--s 00116000 08:22 4604579                    /root/anaconda3/envs/java_env/jre/lib/ext/localedata.jar
7f7c857b8000-7f7c85878000 rw-p 00000000 00:00 0 
7f7c85878000-7f7c859b8000 ---p 00000000 00:00 0 
7f7c859b8000-7f7c859bb000 ---p 00000000 00:00 0 
7f7c859bb000-7f7c85ab9000 rw-p 00000000 00:00 0 
7f7c85ab9000-7f7c85abe000 r-xp 00000000 08:22 3414153                    /usr/lib64/libXfixes.so.3.1.0
7f7c85abe000-7f7c85cbd000 ---p 00005000 08:22 3414153                    /usr/lib64/libXfixes.so.3.1.0
7f7c85cbd000-7f7c85cbe000 r--p 00004000 08:22 3414153                    /usr/lib64/libXfixes.so.3.1.0
7f7c85cbe000-7f7c85cbf000 rw-p 00005000 08:22 3414153                    /usr/lib64/libXfixes.so.3.1.0
7f7c85cbf000-7f7c85cc9000 r-xp 00000000 08:22 3414296                    /usr/lib64/libXcursor.so.1.0.2
7f7c85cc9000-7f7c85ec8000 ---p 0000a000 08:22 3414296                    /usr/lib64/libXcursor.so.1.0.2
7f7c85ec8000-7f7c85ec9000 r--p 00009000 08:22 3414296                    /usr/lib64/libXcursor.so.1.0.2
7f7c85ec9000-7f7c85eca000 rw-p 0000a000 08:22 3414296                    /usr/lib64/libXcursor.so.1.0.2
7f7c85eca000-7f7c85ecd000 ---p 00000000 00:00 0 
7f7c85ecd000-7f7c85fcb000 rw-p 00000000 00:00 0 
7f7c85fcb000-7f7c85fe7000 r-xp 00000000 08:22 4074565                    /root/anaconda3/envs/java_env/lib/libz.so.1.2.11
7f7c85fe7000-7f7c861e7000 ---p 0001c000 08:22 4074565                    /root/anaconda3/envs/java_env/lib/libz.so.1.2.11
7f7c861e7000-7f7c861e8000 rw-p 0001c000 08:22 4074565                    /root/anaconda3/envs/java_env/lib/libz.so.1.2.11
7f7c861e8000-7f7c8622a000 r-xp 00000000 08:22 3413470                    /usr/lib64/libpng16.so.16.34.0
7f7c8622a000-7f7c8642a000 ---p 00042000 08:22 3413470                    /usr/lib64/libpng16.so.16.34.0
7f7c8642a000-7f7c8642b000 r--p 00042000 08:22 3413470                    /usr/lib64/libpng16.so.16.34.0
7f7c8642b000-7f7c8642c000 rw-p 00043000 08:22 3413470                    /usr/lib64/libpng16.so.16.34.0
7f7c8642c000-7f7c86448000 r-xp 00000000 08:22 3413385                    /usr/lib64/libbz2.so.1.0.6
7f7c86448000-7f7c86647000 ---p 0001c000 08:22 3413385                    /usr/lib64/libbz2.so.1.0.6
7f7c86647000-7f7c86648000 r--p 0001b000 08:22 3413385                    /usr/lib64/libbz2.so.1.0.6
7f7c86648000-7f7c86649000 rw-p 0001c000 08:22 3413385                    /usr/lib64/libbz2.so.1.0.6
7f7c86649000-7f7c86660000 r-xp 00000000 08:22 6291510                    /lib64/libgcc_s.so.1
7f7c86660000-7f7c8685f000 ---p 00017000 08:22 6291510                    /lib64/libgcc_s.so.1
7f7c8685f000-7f7c86860000 r--p 00016000 08:22 6291510                    /lib64/libgcc_s.so.1
7f7c86860000-7f7c86861000 rw-p 00017000 08:22 6291510                    /lib64/libgcc_s.so.1
7f7c86861000-7f7c86901000 r-xp 00000000 08:22 3413742                    /usr/lib64/libfreetype.so.6.16.0
7f7c86901000-7f7c86b00000 ---p 000a0000 08:22 3413742                    /usr/lib64/libfreetype.so.6.16.0
7f7c86b00000-7f7c86b07000 r--p 0009f000 08:22 3413742                    /usr/lib64/libfreetype.so.6.16.0
7f7c86b07000-7f7c86b08000 rw-p 000a6000 08:22 3413742                    /usr/lib64/libfreetype.so.6.16.0
7f7c86b08000-7f7c86be4000 r-xp 00000000 08:22 4604578                    /root/anaconda3/envs/java_env/jre/lib/amd64/libfontmanager.so
7f7c86be4000-7f7c86de3000 ---p 000dc000 08:22 4604578                    /root/anaconda3/envs/java_env/jre/lib/amd64/libfontmanager.so
7f7c86de3000-7f7c86de9000 rw-p 000db000 08:22 4604578                    /root/anaconda3/envs/java_env/jre/lib/amd64/libfontmanager.so
7f7c86de9000-7f7c86dfb000 rw-p 00000000 00:00 0 
7f7c86dfb000-7f7c86dfd000 rw-p 00106000 08:22 4604578                    /root/anaconda3/envs/java_env/jre/lib/amd64/libfontmanager.so
7f7c86dfd000-7f7c86e00000 r-xp 00000000 08:22 3413438                    /usr/lib64/libXau.so.6.0.0
7f7c86e00000-7f7c86fff000 ---p 00003000 08:22 3413438                    /usr/lib64/libXau.so.6.0.0
7f7c86fff000-7f7c87000000 r--p 00002000 08:22 3413438                    /usr/lib64/libXau.so.6.0.0
7f7c87000000-7f7c87001000 rw-p 00003000 08:22 3413438                    /usr/lib64/libXau.so.6.0.0
7f7c87001000-7f7c87029000 r-xp 00000000 08:22 3413731                    /usr/lib64/libxcb.so.1.1.0
7f7c87029000-7f7c87228000 ---p 00028000 08:22 3413731                    /usr/lib64/libxcb.so.1.1.0
7f7c87228000-7f7c87229000 r--p 00027000 08:22 3413731                    /usr/lib64/libxcb.so.1.1.0
7f7c87229000-7f7c8722a000 rw-p 00028000 08:22 3413731                    /usr/lib64/libxcb.so.1.1.0
7f7c8722a000-7f7c8723a000 r-xp 00000000 08:22 3414321                    /usr/lib64/libXi.so.6.1.0
7f7c8723a000-7f7c87439000 ---p 00010000 08:22 3414321                    /usr/lib64/libXi.so.6.1.0
7f7c87439000-7f7c8743a000 r--p 0000f000 08:22 3414321                    /usr/lib64/libXi.so.6.1.0
7f7c8743a000-7f7c8743b000 rw-p 00010000 08:22 3414321                    /usr/lib64/libXi.so.6.1.0
7f7c8743b000-7f7c87440000 r-xp 00000000 08:22 3414311                    /usr/lib64/libXtst.so.6.1.0
7f7c87440000-7f7c8763f000 ---p 00005000 08:22 3414311                    /usr/lib64/libXtst.so.6.1.0
7f7c8763f000-7f7c87640000 r--p 00004000 08:22 3414311                    /usr/lib64/libXtst.so.6.1.0
7f7c87640000-7f7c87641000 rw-p 00005000 08:22 3414311                    /usr/lib64/libXtst.so.6.1.0
7f7c87641000-7f7c8764a000 r-xp 00000000 08:22 3414147                    /usr/lib64/libXrender.so.1.3.0
7f7c8764a000-7f7c8784a000 ---p 00009000 08:22 3414147                    /usr/lib64/libXrender.so.1.3.0
7f7c8784a000-7f7c8784b000 r--p 00009000 08:22 3414147                    /usr/lib64/libXrender.so.1.3.0
7f7c8784b000-7f7c8784c000 rw-p 0000a000 08:22 3414147                    /usr/lib64/libXrender.so.1.3.0
7f7c8784c000-7f7c87987000 r-xp 00000000 08:22 3413945                    /usr/lib64/libX11.so.6.3.0
7f7c87987000-7f7c87b87000 ---p 0013b000 08:22 3413945                    /usr/lib64/libX11.so.6.3.0
7f7c87b87000-7f7c87b88000 r--p 0013b000 08:22 3413945                    /usr/lib64/libX11.so.6.3.0
7f7c87b88000-7f7c87b8d000 rw-p 0013c000 08:22 3413945                    /usr/lib64/libX11.so.6.3.0
7f7c87b8d000-7f7c87b9e000 r-xp 00000000 08:22 3414154                    /usr/lib64/libXext.so.6.4.0
7f7c87b9e000-7f7c87d9d000 ---p 00011000 08:22 3414154                    /usr/lib64/libXext.so.6.4.0
7f7c87d9d000-7f7c87d9e000 r--p 00010000 08:22 3414154                    /usr/lib64/libXext.so.6.4.0
7f7c87d9e000-7f7c87d9f000 rw-p 00011000 08:22 3414154                    /usr/lib64/libXext.so.6.4.0
7f7c87d9f000-7f7c87df6000 r-xp 00000000 08:22 4604561                    /root/anaconda3/envs/java_env/jre/lib/amd64/libawt_xawt.so
7f7c87df6000-7f7c87ff5000 ---p 00057000 08:22 4604561                    /root/anaconda3/envs/java_env/jre/lib/amd64/libawt_xawt.so
7f7c87ff5000-7f7c87ff9000 rw-p 00056000 08:22 4604561                    /root/anaconda3/envs/java_env/jre/lib/amd64/libawt_xawt.so
7f7c87ff9000-7f7c87ffa000 rw-p 00000000 00:00 0 
7f7c87ffa000-7f7c88000000 rw-p 0006e000 08:22 4604561                    /root/anaconda3/envs/java_env/jre/lib/amd64/libawt_xawt.so
7f7c88000000-7f7c88021000 rw-p 00000000 00:00 0 
7f7c88021000-7f7c8c000000 ---p 00000000 00:00 0 
7f7c8c000000-7f7c8c07b000 r--s 00000000 08:22 2098647                    /var/cache/fontconfig/df311e82a1a24c41a75c2c930223552e-x86_64.cache-7
7f7c8c07b000-7f7c8c11e000 r-xp 00000000 08:22 4604574                    /root/anaconda3/envs/java_env/jre/lib/amd64/libawt.so
7f7c8c11e000-7f7c8c31e000 ---p 000a3000 08:22 4604574                    /root/anaconda3/envs/java_env/jre/lib/amd64/libawt.so
7f7c8c31e000-7f7c8c32a000 rw-p 000a3000 08:22 4604574                    /root/anaconda3/envs/java_env/jre/lib/amd64/libawt.so
7f7c8c32a000-7f7c8c34e000 rw-p 00000000 00:00 0 
7f7c8c34e000-7f7c8c355000 rw-p 000bd000 08:22 4604574                    /root/anaconda3/envs/java_env/jre/lib/amd64/libawt.so
7f7c8c355000-7f7c8c3e6000 r--s 013b4000 08:22 4604599                    /root/anaconda3/envs/java_env/jre/lib/ext/jfxrt.jar
7f7c8c3e6000-7f7c8c3e7000 ---p 00000000 00:00 0 
7f7c8c3e7000-7f7c8c4e7000 rw-p 00000000 00:00 0 
7f7c8c4e7000-7f7c8c4ea000 ---p 00000000 00:00 0 
7f7c8c4ea000-7f7c8c5e8000 rw-p 00000000 00:00 0 
7f7c8c5e8000-7f7c8c5e9000 ---p 00000000 00:00 0 
7f7c8c5e9000-7f7c8c5ec000 ---p 00000000 00:00 0 
7f7c8c5ec000-7f7c8c6e9000 rw-p 00000000 00:00 0 
7f7c8c6e9000-7f7c8c6ea000 ---p 00000000 00:00 0 
7f7c8c6ea000-7f7c8c6ed000 ---p 00000000 00:00 0 
7f7c8c6ed000-7f7c8c7ea000 rw-p 00000000 00:00 0 
7f7c8c7ea000-7f7c8c7eb000 ---p 00000000 00:00 0 
7f7c8c7eb000-7f7c8c7ee000 ---p 00000000 00:00 0 
7f7c8c7ee000-7f7c8c8eb000 rw-p 00000000 00:00 0 
7f7c8c8eb000-7f7c8c8ec000 ---p 00000000 00:00 0 
7f7c8c8ec000-7f7c8c8ef000 ---p 00000000 00:00 0 
7f7c8c8ef000-7f7c8c9ec000 rw-p 00000000 00:00 0 
7f7c8c9ec000-7f7c8c9ef000 ---p 00000000 00:00 0 
7f7c8c9ef000-7f7c8caed000 rw-p 00000000 00:00 0 
7f7c8caed000-7f7c8cb3e000 r--p 00000000 08:22 4330328                    /usr/lib/locale/en_US.utf8/LC_CTYPE
7f7c8cb3e000-7f7c8cc6e000 r--p 00000000 08:22 4330333                    /usr/lib/locale/en_US.utf8/LC_COLLATE
7f7c8cc6e000-7f7c8cc71000 ---p 00000000 00:00 0 
7f7c8cc71000-7f7c8cd6f000 rw-p 00000000 00:00 0 
7f7c8cd6f000-7f7c8cd72000 ---p 00000000 00:00 0 
7f7c8cd72000-7f7c8ce70000 rw-p 00000000 00:00 0 
7f7c8ce70000-7f7c8ce71000 ---p 00000000 00:00 0 
7f7c8ce71000-7f7c8ea30000 rw-p 00000000 00:00 0 
7f7c8ea30000-7f7c8ec00000 r--s 03c4f000 08:22 4604602                    /root/anaconda3/envs/java_env/jre/lib/rt.jar
7f7c8ec00000-7f7c90000000 rw-p 00000000 00:00 0 
7f7c90000000-7f7c90021000 rw-p 00000000 00:00 0 
7f7c90021000-7f7c94000000 ---p 00000000 00:00 0 
7f7c94000000-7f7c94001000 r--s 00000000 08:22 2105734                    /var/cache/fontconfig/a095e39a2aaae6c4fe0aa9a01f032375-x86_64.cache-7
7f7c94001000-7f7c9400a000 r--s 00000000 08:22 2098650                    /var/cache/fontconfig/d62e99ef547d1d24cdb1bd22ec1a2976-x86_64.cache-7
7f7c9400a000-7f7c9400c000 r--s 00019000 08:22 4864593                    /home/braunth/NetBeansProjects/NeuralGIS/jcuda/jcudaUtils-0.0.4.jar
7f7c9400c000-7f7c94020000 r--s 00113000 08:22 4872476                    /home/braunth/NetBeansProjects/NeuralGIS/jcuda/JTattoo-1.6.11.jar
7f7c94020000-7f7c941fa000 rw-p 00000000 00:00 0 
7f7c941fa000-7f7c941fb000 ---p 00000000 00:00 0 
7f7c941fb000-7f7c942fb000 rw-p 00000000 00:00 0 
7f7c942fb000-7f7c942fc000 ---p 00000000 00:00 0 
7f7c942fc000-7f7c943fc000 rw-p 00000000 00:00 0 
7f7c943fc000-7f7c943fd000 ---p 00000000 00:00 0 
7f7c943fd000-7f7c944fd000 rw-p 00000000 00:00 0 
7f7c944fd000-7f7c944fe000 ---p 00000000 00:00 0 
7f7c944fe000-7f7c945fe000 rw-p 00000000 00:00 0 
7f7c945fe000-7f7c945ff000 ---p 00000000 00:00 0 
7f7c945ff000-7f7c946ff000 rw-p 00000000 00:00 0 
7f7c946ff000-7f7c94700000 ---p 00000000 00:00 0 
7f7c94700000-7f7c95000000 rw-p 00000000 00:00 0 
7f7c95000000-7f7c95270000 rwxp 00000000 00:00 0 
7f7c95270000-7f7ca4000000 ---p 00000000 00:00 0 
7f7ca4000000-7f7ca7fff000 rw-p 00000000 00:00 0 
7f7ca7fff000-7f7ca8000000 ---p 00000000 00:00 0 
7f7ca8000000-7f7ca8001000 r--s 00000000 08:22 2100185                    /var/cache/fontconfig/f69cae16ba8a085d94c47be99adaed02-x86_64.cache-7
7f7ca8001000-7f7ca8002000 r--s 00007000 08:22 1978893                    /home/braunth/NetBeansProjects/NeuralGIS/jcuda/jcublas-0.8.0-linux-x86_64.jar
7f7ca8002000-7f7ca8003000 r--s 0006b000 08:22 4864592                    /home/braunth/NetBeansProjects/NeuralGIS/jcuda/jcuda-vec-0.0.1.jar
7f7ca8003000-7f7ca8004000 r--s 0002b000 08:22 1978908                    /home/braunth/NetBeansProjects/NeuralGIS/jcuda/jnvgraph-natives-0.8.0-linux-x86_64.jar
7f7ca8004000-7f7ca80d5000 rw-p 00000000 00:00 0 
7f7ca80d5000-7f7ca80d6000 ---p 00000000 00:00 0 
7f7ca80d6000-7f7ca81d6000 rw-p 00000000 00:00 0 
7f7ca81d6000-7f7ca81d7000 ---p 00000000 00:00 0 
7f7ca81d7000-7f7ca8ee2000 rw-p 00000000 00:00 0 
7f7ca8ee2000-7f7ca9298000 ---p 00000000 00:00 0 
7f7ca9298000-7f7ca92b2000 r-xp 00000000 08:22 4604500                    /root/anaconda3/envs/java_env/jre/lib/amd64/libzip.so
7f7ca92b2000-7f7ca94b1000 ---p 0001a000 08:22 4604500                    /root/anaconda3/envs/java_env/jre/lib/amd64/libzip.so
7f7ca94b1000-7f7ca94b2000 rw-p 00019000 08:22 4604500                    /root/anaconda3/envs/java_env/jre/lib/amd64/libzip.so
7f7ca94b2000-7f7ca94b3000 rw-p 0001e000 08:22 4604500                    /root/anaconda3/envs/java_env/jre/lib/amd64/libzip.so
7f7ca94b3000-7f7ca94dd000 r-xp 00000000 08:22 4604525                    /root/anaconda3/envs/java_env/jre/lib/amd64/libjava.so
7f7ca94dd000-7f7ca96dd000 ---p 0002a000 08:22 4604525                    /root/anaconda3/envs/java_env/jre/lib/amd64/libjava.so
7f7ca96dd000-7f7ca96df000 rw-p 0002a000 08:22 4604525                    /root/anaconda3/envs/java_env/jre/lib/amd64/libjava.so
7f7ca96df000-7f7ca96e3000 rw-p 00036000 08:22 4604525                    /root/anaconda3/envs/java_env/jre/lib/amd64/libjava.so
7f7ca96e3000-7f7ca96f2000 r-xp 00000000 08:22 4604465                    /root/anaconda3/envs/java_env/jre/lib/amd64/libverify.so
7f7ca96f2000-7f7ca98f1000 ---p 0000f000 08:22 4604465                    /root/anaconda3/envs/java_env/jre/lib/amd64/libverify.so
7f7ca98f1000-7f7ca98f3000 rw-p 0000e000 08:22 4604465                    /root/anaconda3/envs/java_env/jre/lib/amd64/libverify.so
7f7ca98f3000-7f7ca98f4000 rw-p 00012000 08:22 4604465                    /root/anaconda3/envs/java_env/jre/lib/amd64/libverify.so
7f7ca98f4000-7f7ca98fb000 r-xp 00000000 08:22 6291495                    /lib64/librt-2.27.so
7f7ca98fb000-7f7ca9afa000 ---p 00007000 08:22 6291495                    /lib64/librt-2.27.so
7f7ca9afa000-7f7ca9afb000 r--p 00006000 08:22 6291495                    /lib64/librt-2.27.so
7f7ca9afb000-7f7ca9afc000 rw-p 00007000 08:22 6291495                    /lib64/librt-2.27.so
7f7ca9afc000-7f7ca9c8e000 r-xp 00000000 08:22 6291473                    /lib64/libm-2.27.so
7f7ca9c8e000-7f7ca9e8d000 ---p 00192000 08:22 6291473                    /lib64/libm-2.27.so
7f7ca9e8d000-7f7ca9e8e000 r--p 00191000 08:22 6291473                    /lib64/libm-2.27.so
7f7ca9e8e000-7f7ca9e8f000 rw-p 00192000 08:22 6291473                    /lib64/libm-2.27.so
7f7ca9e8f000-7f7caaacf000 r-xp 00000000 08:22 4604594                    /root/anaconda3/envs/java_env/jre/lib/amd64/server/libjvm.so
7f7caaacf000-7f7caacce000 ---p 00c40000 08:22 4604594                    /root/anaconda3/envs/java_env/jre/lib/amd64/server/libjvm.so
7f7caacce000-7f7caad9e000 rw-p 00c3f000 08:22 4604594                    /root/anaconda3/envs/java_env/jre/lib/amd64/server/libjvm.so
7f7caad9e000-7f7caade0000 rw-p 00000000 00:00 0 
7f7caade0000-7f7caade3000 rw-p 00f87000 08:22 4604594                    /root/anaconda3/envs/java_env/jre/lib/amd64/server/libjvm.so
7f7caade3000-7f7caaf97000 r-xp 00000000 08:22 6291465                    /lib64/libc-2.27.so
7f7caaf97000-7f7cab197000 ---p 001b4000 08:22 6291465                    /lib64/libc-2.27.so
7f7cab197000-7f7cab19b000 r--p 001b4000 08:22 6291465                    /lib64/libc-2.27.so
7f7cab19b000-7f7cab19d000 rw-p 001b8000 08:22 6291465                    /lib64/libc-2.27.so
7f7cab19d000-7f7cab1a1000 rw-p 00000000 00:00 0 
7f7cab1a1000-7f7cab1a4000 r-xp 00000000 08:22 6291471                    /lib64/libdl-2.27.so
7f7cab1a4000-7f7cab3a3000 ---p 00003000 08:22 6291471                    /lib64/libdl-2.27.so
7f7cab3a3000-7f7cab3a4000 r--p 00002000 08:22 6291471                    /lib64/libdl-2.27.so
7f7cab3a4000-7f7cab3a5000 rw-p 00003000 08:22 6291471                    /lib64/libdl-2.27.so
7f7cab3a5000-7f7cab3ba000 r-xp 00000000 08:22 4604481                    /root/anaconda3/envs/java_env/lib/libjli.so
7f7cab3ba000-7f7cab5ba000 ---p 00015000 08:22 4604481                    /root/anaconda3/envs/java_env/lib/libjli.so
7f7cab5ba000-7f7cab5bb000 rw-p 00015000 08:22 4604481                    /root/anaconda3/envs/java_env/lib/libjli.so
7f7cab5bb000-7f7cab5bc000 rw-p 00019000 08:22 4604481                    /root/anaconda3/envs/java_env/lib/libjli.so
7f7cab5bc000-7f7cab5d5000 r-xp 00000000 08:22 6291491                    /lib64/libpthread-2.27.so
7f7cab5d5000-7f7cab7d5000 ---p 00019000 08:22 6291491                    /lib64/libpthread-2.27.so
7f7cab7d5000-7f7cab7d6000 r--p 00019000 08:22 6291491                    /lib64/libpthread-2.27.so
7f7cab7d6000-7f7cab7d7000 rw-p 0001a000 08:22 6291491                    /lib64/libpthread-2.27.so
7f7cab7d7000-7f7cab7db000 rw-p 00000000 00:00 0 
7f7cab7db000-7f7cab800000 r-xp 00000000 08:22 6302290                    /lib64/ld-2.27.so
7f7cab800000-7f7cab801000 r--s 00002000 08:22 1978907                    /home/braunth/NetBeansProjects/NeuralGIS/jcuda/jnvgraph-0.8.0.jar
7f7cab801000-7f7cab802000 r--s 00046000 08:22 1978906                    /home/braunth/NetBeansProjects/NeuralGIS/jcuda/jcusparse-natives-0.8.0-linux-x86_64.jar
7f7cab802000-7f7cab804000 r--s 00008000 08:22 1978905                    /home/braunth/NetBeansProjects/NeuralGIS/jcuda/jcusparse-0.8.0.jar
7f7cab804000-7f7cab805000 r--s 00038000 08:22 1978904                    /home/braunth/NetBeansProjects/NeuralGIS/jcuda/jcusolver-natives-0.8.0-linux-x86_64.jar
7f7cab805000-7f7cab806000 r--s 00005000 08:22 1978903                    /home/braunth/NetBeansProjects/NeuralGIS/jcuda/jcusolver-0.8.0.jar
7f7cab806000-7f7cab807000 r--s 00006000 08:22 1978902                    /home/braunth/NetBeansProjects/NeuralGIS/jcuda/jcurand-natives-0.8.0-linux-x86_64.jar
7f7cab807000-7f7cab809000 r--s 00001000 08:22 1978901                    /home/braunth/NetBeansProjects/NeuralGIS/jcuda/jcurand-0.8.0.jar
7f7cab809000-7f7cab80a000 r--s 00006000 08:22 1978900                    /home/braunth/NetBeansProjects/NeuralGIS/jcuda/jcufft-natives-0.8.0-linux-x86_64.jar
7f7cab80a000-7f7cab80b000 r--s 00002000 08:22 1978899                    /home/braunth/NetBeansProjects/NeuralGIS/jcuda/jcufft-0.8.0.jar
7f7cab80b000-7f7cab80c000 r--s 00049000 08:22 1978898                    /home/braunth/NetBeansProjects/NeuralGIS/jcuda/jcuda-natives-0.8.0-linux-x86_64.jar
7f7cab80c000-7f7cab810000 r--s 00021000 08:22 1978897                    /home/braunth/NetBeansProjects/NeuralGIS/jcuda/jcuda-0.8.0.jar
7f7cab810000-7f7cab811000 r--s 00043000 08:22 1978896                    /home/braunth/NetBeansProjects/NeuralGIS/jcuda/jcublas-natives-0.8.0-linux-x86_64.jar
7f7cab811000-7f7cab812000 r--s 00007000 08:22 1978895                    /home/braunth/NetBeansProjects/NeuralGIS/jcuda/jcublas-0.8.0.jar
7f7cab812000-7f7cab813000 r--p 00000000 08:22 4330352                    /usr/lib/locale/en_US.utf8/LC_NUMERIC
7f7cab813000-7f7cab814000 r--p 00000000 08:22 4348941                    /usr/lib/locale/en_US.utf8/LC_TIME
7f7cab814000-7f7cab815000 r--p 00000000 08:22 4348947                    /usr/lib/locale/en_US.utf8/LC_MONETARY
7f7cab815000-7f7cab816000 r--p 00000000 08:22 4330543                    /usr/lib/locale/en_US.utf8/LC_MESSAGES/SYS_LC_MESSAGES
7f7cab816000-7f7cab81d000 r--s 00000000 08:22 3416867                    /usr/lib64/gconv/gconv-modules.cache
7f7cab81d000-7f7cab895000 rw-p 00000000 00:00 0 
7f7cab895000-7f7cab8ca000 r--s 00000000 08:22 2099144                    /var/lib/nscd/passwd
7f7cab8ca000-7f7cab8cb000 ---p 00000000 00:00 0 
7f7cab8cb000-7f7cab8ce000 ---p 00000000 00:00 0 
7f7cab8ce000-7f7cab9cd000 rw-p 00000000 00:00 0 
7f7cab9cd000-7f7cab9ce000 r--p 00000000 08:22 4348948                    /usr/lib/locale/en_US.utf8/LC_PAPER
7f7cab9ce000-7f7cab9cf000 r--p 00000000 08:22 4330424                    /usr/lib/locale/en_US.utf8/LC_NAME
7f7cab9cf000-7f7cab9d0000 r--p 00000000 08:22 4330144                    /usr/lib/locale/en_US.utf8/LC_ADDRESS
7f7cab9d0000-7f7cab9d1000 r--p 00000000 08:22 4348949                    /usr/lib/locale/en_US.utf8/LC_TELEPHONE
7f7cab9d1000-7f7cab9d2000 r--p 00000000 08:22 4330469                    /usr/lib/locale/en_US.utf8/LC_MEASUREMENT
7f7cab9d2000-7f7cab9d3000 r--p 00000000 08:22 4348940                    /usr/lib/locale/en_US.utf8/LC_IDENTIFICATION
7f7cab9d3000-7f7cab9f4000 rw-p 00000000 00:00 0 
7f7cab9f4000-7f7cab9fc000 rw-s 00000000 08:22 2366518                    /tmp/hsperfdata_braunth/3948
7f7cab9fc000-7f7cab9fd000 rw-p 00000000 00:00 0 
7f7cab9fd000-7f7cab9fe000 r--p 00000000 00:00 0 
7f7cab9fe000-7f7caba00000 rw-p 00000000 00:00 0 
7f7caba00000-7f7caba01000 r--p 00025000 08:22 6302290                    /lib64/ld-2.27.so
7f7caba01000-7f7caba02000 rw-p 00026000 08:22 6302290                    /lib64/ld-2.27.so
7f7caba02000-7f7caba03000 rw-p 00000000 00:00 0 
7fffab0e9000-7fffab10b000 rw-p 00000000 00:00 0                          [stack]
7fffab117000-7fffab11a000 r--p 00000000 00:00 0                          [vvar]
7fffab11a000-7fffab11c000 r-xp 00000000 00:00 0                          [vdso]
ffffffffff600000-ffffffffff601000 r-xp 00000000 00:00 0                  [vsyscall]

VM Arguments:
jvm_args: -Dfile.encoding=UTF-8 -Xms6G -Xmx6G 
java_command: com.neuralgis.Exec -cp ./jcuda/
java_class_path (initial): /home/braunth/NetBeansProjects/NeuralGIS/jcuda/jcublas-0.8.0.jar:/home/braunth/NetBeansProjects/NeuralGIS/jcuda/jcublas-natives-0.8.0-linux-x86_64.jar:/home/braunth/NetBeansProjects/NeuralGIS/jcuda/jcuda-0.8.0.jar:/home/braunth/NetBeansProjects/NeuralGIS/jcuda/jcuda-natives-0.8.0-linux-x86_64.jar:/home/braunth/NetBeansProjects/NeuralGIS/jcuda/jcufft-0.8.0.jar:/home/braunth/NetBeansProjects/NeuralGIS/jcuda/jcufft-natives-0.8.0-linux-x86_64.jar:/home/braunth/NetBeansProjects/NeuralGIS/jcuda/jcurand-0.8.0.jar:/home/braunth/NetBeansProjects/NeuralGIS/jcuda/jcurand-natives-0.8.0-linux-x86_64.jar:/home/braunth/NetBeansProjects/NeuralGIS/jcuda/jcusolver-0.8.0.jar:/home/braunth/NetBeansProjects/NeuralGIS/jcuda/jcusolver-natives-0.8.0-linux-x86_64.jar:/home/braunth/NetBeansProjects/NeuralGIS/jcuda/jcusparse-0.8.0.jar:/home/braunth/NetBeansProjects/NeuralGIS/jcuda/jcusparse-natives-0.8.0-linux-x86_64.jar:/home/braunth/NetBeansProjects/NeuralGIS/jcuda/jnvgraph-0.8.0.jar:/home/braunth/NetBeansProjects/NeuralGIS/jcuda/jnvgraph-natives-0.8.0-linux-x86_64.jar:/home/braunth/NetBeansProjects/NeuralGIS/jcuda/JTattoo-1.6.11.jar:/home/braunth/NetBeansProjects/NeuralGIS/jcuda/jcuda-vec-0.0.1.jar:/home/braunth/NetBeansProjects/NeuralGIS/jcuda/jcublas-0.8.0-linux-x86_64.jar:/home/braunth/NetBeansProjects/NeuralGIS/jcuda/jcudaUtils-0.0.4.jar:/home/braunth/NetBeansProjects/NeuralGIS/build/classes
Launcher Type: SUN_STANDARD

Environment Variables:
JAVA_HOME=/usr/lib64/jvm/java
JRE_HOME=/usr/lib64/jvm/java/jre
PATH=/home/braunth/bin:/usr/local/bin:/usr/bin:/bin:/opt/bin:/usr/lib/mit/sbin
LD_LIBRARY_PATH=/root/anaconda3/envs/java_env/jre/lib/amd64:/root/anaconda3/envs/java_env/jre/lib/i386:
SHELL=/bin/bash
DISPLAY=:0
HOSTTYPE=x86_64
OSTYPE=linux
MACHTYPE=x86_64-suse-linux

Signal Handlers:
SIGSEGV: [libjvm.so+0xa3b070], sa_mask[0]=11111111011111111101111111111110, sa_flags=SA_RESTART|SA_SIGINFO
SIGBUS: [libjvm.so+0xa3b070], sa_mask[0]=11111111011111111101111111111110, sa_flags=SA_RESTART|SA_SIGINFO
SIGFPE: [libjvm.so+0x8a56c0], sa_mask[0]=11111111011111111101111111111110, sa_flags=SA_RESTART|SA_SIGINFO
SIGPIPE: [libjvm.so+0x8a56c0], sa_mask[0]=11111111011111111101111111111110, sa_flags=SA_RESTART|SA_SIGINFO
SIGXFSZ: [libjvm.so+0x8a56c0], sa_mask[0]=11111111011111111101111111111110, sa_flags=SA_RESTART|SA_SIGINFO
SIGILL: [libjvm.so+0x8a56c0], sa_mask[0]=11111111011111111101111111111110, sa_flags=SA_RESTART|SA_SIGINFO
SIGUSR1: SIG_DFL, sa_mask[0]=00000000000000000000000000000000, sa_flags=none
SIGUSR2: [libjvm.so+0x8a6dc0], sa_mask[0]=00100000000000000000000000000000, sa_flags=SA_RESTART|SA_SIGINFO
SIGHUP: [libjvm.so+0x8a84b0], sa_mask[0]=11111111011111111101111111111110, sa_flags=SA_RESTART|SA_SIGINFO
SIGINT: SIG_IGN, sa_mask[0]=00000000000000000000000000000000, sa_flags=none
SIGTERM: [libjvm.so+0x8a84b0], sa_mask[0]=11111111011111111101111111111110, sa_flags=SA_RESTART|SA_SIGINFO
SIGQUIT: [libjvm.so+0x8a84b0], sa_mask[0]=11111111011111111101111111111110, sa_flags=SA_RESTART|SA_SIGINFO


---------------  S Y S T E M  ---------------

OS:NAME="openSUSE Tumbleweed"
# VERSION="20180407"
ID=opensuse
ID_LIKE="suse"
VERSION_ID="20180407"
PRETTY_NAME="openSUSE Tumbleweed"
ANSI_COLOR="0;32"
CPE_NAME="cpe:/o:opensuse:tumbleweed:20180407"
BUG_REPORT_URL="https://bugs.opensuse.org"
HOME_URL="https://www.opensuse.org/"

uname:Linux 4.15.13-2-default #1 SMP PREEMPT Sun Mar 25 20:21:41 UTC 2018 (12abbef) x86_64
libc:glibc 2.27 NPTL 2.27 
rlimit: STACK 8192k, CORE 0k, NPROC 4096, NOFILE 4096, AS infinity
load average:0.37 0.49 0.39

/proc/meminfo:
MemTotal:       16360680 kB
MemFree:          170396 kB
MemAvailable:    7526072 kB
Buffers:          493200 kB
Cached:          5673092 kB
SwapCached:            0 kB
Active:         12458940 kB
Inactive:        2081356 kB
Active(anon):    7788968 kB
Inactive(anon):    96588 kB
Active(file):    4669972 kB
Inactive(file):  1984768 kB
Unevictable:          32 kB
Mlocked:              32 kB
SwapTotal:             0 kB
SwapFree:              0 kB
Dirty:               612 kB
Writeback:             0 kB
AnonPages:       8113616 kB
Mapped:           751964 kB
Shmem:             97516 kB
Slab:            1171028 kB
SReclaimable:    1042148 kB
SUnreclaim:       128880 kB
KernelStack:       11760 kB
PageTables:        58624 kB
NFS_Unstable:          0 kB
Bounce:                0 kB
WritebackTmp:          0 kB
CommitLimit:     8180340 kB
Committed_AS:   15402152 kB
VmallocTotal:   34359738367 kB
VmallocUsed:           0 kB
VmallocChunk:          0 kB
HardwareCorrupted:     0 kB
AnonHugePages:   1908736 kB
ShmemHugePages:        0 kB
ShmemPmdMapped:        0 kB
HugePages_Total:       0
HugePages_Free:        0
HugePages_Rsvd:        0
HugePages_Surp:        0
Hugepagesize:       2048 kB
DirectMap4k:     3234192 kB
DirectMap2M:    13477888 kB
DirectMap1G:           0 kB


CPU:total 8 (initial active 8) (4 cores per cpu, 2 threads per core) family 6 model 158 stepping 9, cmov, cx8, fxsr, mmx, sse, sse2, sse3, ssse3, sse4.1, sse4.2, popcnt, avx, avx2, aes, clmul, erms, rtm, 3dnowpref, lzcnt, ht, tsc, tscinvbit, bmi1, bmi2, adx

/proc/cpuinfo:
processor	: 0
vendor_id	: GenuineIntel
cpu family	: 6
model		: 158
model name	: Intel(R) Core(TM) i7-7700K CPU @ 4.20GHz
stepping	: 9
microcode	: 0x84
cpu MHz		: 4799.999
cache size	: 8192 KB
physical id	: 0
siblings	: 8
core id		: 0
cpu cores	: 4
apicid		: 0
initial apicid	: 0
fpu		: yes
fpu_exception	: yes
cpuid level	: 22
wp		: yes
flags		: fpu vme de pse tsc msr pae mce cx8 apic sep mtrr pge mca cmov pat pse36 clflush dts acpi mmx fxsr sse sse2 ss ht tm pbe syscall nx pdpe1gb rdtscp lm constant_tsc art arch_perfmon pebs bts rep_good nopl xtopology nonstop_tsc cpuid aperfmperf tsc_known_freq pni pclmulqdq dtes64 monitor ds_cpl vmx est tm2 ssse3 sdbg fma cx16 xtpr pdcm pcid sse4_1 sse4_2 x2apic movbe popcnt tsc_deadline_timer aes xsave avx f16c rdrand lahf_lm abm 3dnowprefetch cpuid_fault epb invpcid_single pti tpr_shadow vnmi flexpriority ept vpid fsgsbase tsc_adjust bmi1 hle avx2 smep bmi2 erms invpcid rtm mpx rdseed adx smap clflushopt intel_pt xsaveopt xsavec xgetbv1 xsaves ibpb ibrs stibp dtherm ida arat pln pts hwp hwp_notify hwp_act_window hwp_epp
bugs		: cpu_meltdown spectre_v1 spectre_v2
bogomips	: 8400.00
clflush size	: 64
cache_alignment	: 64
address sizes	: 39 bits physical, 48 bits virtual
power management:

processor	: 1
vendor_id	: GenuineIntel
cpu family	: 6
model		: 158
model name	: Intel(R) Core(TM) i7-7700K CPU @ 4.20GHz
stepping	: 9
microcode	: 0x84
cpu MHz		: 4800.060
cache size	: 8192 KB
physical id	: 0
siblings	: 8
core id		: 1
cpu cores	: 4
apicid		: 2
initial apicid	: 2
fpu		: yes
fpu_exception	: yes
cpuid level	: 22
wp		: yes
flags		: fpu vme de pse tsc msr pae mce cx8 apic sep mtrr pge mca cmov pat pse36 clflush dts acpi mmx fxsr sse sse2 ss ht tm pbe syscall nx pdpe1gb rdtscp lm constant_tsc art arch_perfmon pebs bts rep_good nopl xtopology nonstop_tsc cpuid aperfmperf tsc_known_freq pni pclmulqdq dtes64 monitor ds_cpl vmx est tm2 ssse3 sdbg fma cx16 xtpr pdcm pcid sse4_1 sse4_2 x2apic movbe popcnt tsc_deadline_timer aes xsave avx f16c rdrand lahf_lm abm 3dnowprefetch cpuid_fault epb invpcid_single pti tpr_shadow vnmi flexpriority ept vpid fsgsbase tsc_adjust bmi1 hle avx2 smep bmi2 erms invpcid rtm mpx rdseed adx smap clflushopt intel_pt xsaveopt xsavec xgetbv1 xsaves ibpb ibrs stibp dtherm ida arat pln pts hwp hwp_notify hwp_act_window hwp_epp
bugs		: cpu_meltdown spectre_v1 spectre_v2
bogomips	: 8400.00
clflush size	: 64
cache_alignment	: 64
address sizes	: 39 bits physical, 48 bits virtual
power management:

processor	: 2
vendor_id	: GenuineIntel
cpu family	: 6
model		: 158
model name	: Intel(R) Core(TM) i7-7700K CPU @ 4.20GHz
stepping	: 9
microcode	: 0x84
cpu MHz		: 4800.001
cache size	: 8192 KB
physical id	: 0
siblings	: 8
core id		: 2
cpu cores	: 4
apicid		: 4
initial apicid	: 4
fpu		: yes
fpu_exception	: yes
cpuid level	: 22
wp		: yes
flags		: fpu vme de pse tsc msr pae mce cx8 apic sep mtrr pge mca cmov pat pse36 clflush dts acpi mmx fxsr sse sse2 ss ht tm pbe syscall nx pdpe1gb rdtscp lm constant_tsc art arch_perfmon pebs bts rep_good nopl xtopology nonstop_tsc cpuid aperfmperf tsc_known_freq pni pclmulqdq dtes64 monitor ds_cpl vmx est tm2 ssse3 sdbg fma cx16 xtpr pdcm pcid sse4_1 sse4_2 x2apic movbe popcnt tsc_deadline_timer aes xsave avx f16c rdrand lahf_lm abm 3dnowprefetch cpuid_fault epb invpcid_single pti tpr_shadow vnmi flexpriority ept vpid fsgsbase tsc_adjust bmi1 hle avx2 smep bmi2 erms invpcid rtm mpx rdseed adx smap clflushopt intel_pt xsaveopt xsavec xgetbv1 xsaves ibpb ibrs stibp dtherm ida arat pln pts hwp hwp_notify hwp_act_window hwp_epp
bugs		: cpu_meltdown spectre_v1 spectre_v2
bogomips	: 8400.00
clflush size	: 64
cache_alignment	: 64
address sizes	: 39 bits physical, 48 bits virtual
power management:

processor	: 3
vendor_id	: GenuineIntel
cpu family	: 6
model		: 158
model name	: Intel(R) Core(TM) i7-7700K CPU @ 4.20GHz
stepping	: 9
microcode	: 0x84
cpu MHz		: 4800.018
cache size	: 8192 KB
physical id	: 0
siblings	: 8
core id		: 3
cpu cores	: 4
apicid		: 6
initial apicid	: 6
fpu		: yes
fpu_exception	: yes
cpuid level	: 22
wp		: yes
flags		: fpu vme de pse tsc msr pae mce cx8 apic sep mtrr pge mca cmov pat pse36 clflush dts acpi mmx fxsr sse sse2 ss ht tm pbe syscall nx pdpe1gb rdtscp lm constant_tsc art arch_perfmon pebs bts rep_good nopl xtopology nonstop_tsc cpuid aperfmperf tsc_known_freq pni pclmulqdq dtes64 monitor ds_cpl vmx est tm2 ssse3 sdbg fma cx16 xtpr pdcm pcid sse4_1 sse4_2 x2apic movbe popcnt tsc_deadline_timer aes xsave avx f16c rdrand lahf_lm abm 3dnowprefetch cpuid_fault epb invpcid_single pti tpr_shadow vnmi flexpriority ept vpid fsgsbase tsc_adjust bmi1 hle avx2 smep bmi2 erms invpcid rtm mpx rdseed adx smap clflushopt intel_pt xsaveopt xsavec xgetbv1 xsaves ibpb ibrs stibp dtherm ida arat pln pts hwp hwp_notify hwp_act_window hwp_epp
bugs		: cpu_meltdown spectre_v1 spectre_v2
bogomips	: 8400.00
clflush size	: 64
cache_alignment	: 64
address sizes	: 39 bits physical, 48 bits virtual
power management:

processor	: 4
vendor_id	: GenuineIntel
cpu family	: 6
model		: 158
model name	: Intel(R) Core(TM) i7-7700K CPU @ 4.20GHz
stepping	: 9
microcode	: 0x84
cpu MHz		: 4799.998
cache size	: 8192 KB
physical id	: 0
siblings	: 8
core id		: 0
cpu cores	: 4
apicid		: 1
initial apicid	: 1
fpu		: yes
fpu_exception	: yes
cpuid level	: 22
wp		: yes
flags		: fpu vme de pse tsc msr pae mce cx8 apic sep mtrr pge mca cmov pat pse36 clflush dts acpi mmx fxsr sse sse2 ss ht tm pbe syscall nx pdpe1gb rdtscp lm constant_tsc art arch_perfmon pebs bts rep_good nopl xtopology nonstop_tsc cpuid aperfmperf tsc_known_freq pni pclmulqdq dtes64 monitor ds_cpl vmx est tm2 ssse3 sdbg fma cx16 xtpr pdcm pcid sse4_1 sse4_2 x2apic movbe popcnt tsc_deadline_timer aes xsave avx f16c rdrand lahf_lm abm 3dnowprefetch cpuid_fault epb invpcid_single pti tpr_shadow vnmi flexpriority ept vpid fsgsbase tsc_adjust bmi1 hle avx2 smep bmi2 erms invpcid rtm mpx rdseed adx smap clflushopt intel_pt xsaveopt xsavec xgetbv1 xsaves ibpb ibrs stibp dtherm ida arat pln pts hwp hwp_notify hwp_act_window hwp_epp
bugs		: cpu_meltdown spectre_v1 spectre_v2
bogomips	: 8400.00
clflush size	: 64
cache_alignment	: 64
address sizes	: 39 bits physical, 48 bits virtual
power management:

processor	: 5
vendor_id	: GenuineIntel
cpu family	: 6
model		: 158
model name	: Intel(R) Core(TM) i7-7700K CPU @ 4.20GHz
stepping	: 9
microcode	: 0x84
cpu MHz		: 4800.103
cache size	: 8192 KB
physical id	: 0
siblings	: 8
core id		: 1
cpu cores	: 4
apicid		: 3
initial apicid	: 3
fpu		: yes
fpu_exception	: yes
cpuid level	: 22
wp		: yes
flags		: fpu vme de pse tsc msr pae mce cx8 apic sep mtrr pge mca cmov pat pse36 clflush dts acpi mmx fxsr sse sse2 ss ht tm pbe syscall nx pdpe1gb rdtscp lm constant_tsc art arch_perfmon pebs bts rep_good nopl xtopology nonstop_tsc cpuid aperfmperf tsc_known_freq pni pclmulqdq dtes64 monitor ds_cpl vmx est tm2 ssse3 sdbg fma cx16 xtpr pdcm pcid sse4_1 sse4_2 x2apic movbe popcnt tsc_deadline_timer aes xsave avx f16c rdrand lahf_lm abm 3dnowprefetch cpuid_fault epb invpcid_single pti tpr_shadow vnmi flexpriority ept vpid fsgsbase tsc_adjust bmi1 hle avx2 smep bmi2 erms invpcid rtm mpx rdseed adx smap clflushopt intel_pt xsaveopt xsavec xgetbv1 xsaves ibpb ibrs stibp dtherm ida arat pln pts hwp hwp_notify hwp_act_window hwp_epp
bugs		: cpu_meltdown spectre_v1 spectre_v2
bogomips	: 8400.00
clflush size	: 64
cache_alignment	: 64
address sizes	: 39 bits physical, 48 bits virtual
power management:

processor	: 6
vendor_id	: GenuineIntel
cpu family	: 6
model		: 158
model name	: Intel(R) Core(TM) i7-7700K CPU @ 4.20GHz
stepping	: 9
microcode	: 0x84
cpu MHz		: 4799.995
cache size	: 8192 KB
physical id	: 0
siblings	: 8
core id		: 2
cpu cores	: 4
apicid		: 5
initial apicid	: 5
fpu		: yes
fpu_exception	: yes
cpuid level	: 22
wp		: yes
flags		: fpu vme de pse tsc msr pae mce cx8 apic sep mtrr pge mca cmov pat pse36 clflush dts acpi mmx fxsr sse sse2 ss ht tm pbe syscall nx pdpe1gb rdtscp lm constant_tsc art arch_perfmon pebs bts rep_good nopl xtopology nonstop_tsc cpuid aperfmperf tsc_known_freq pni pclmulqdq dtes64 monitor ds_cpl vmx est tm2 ssse3 sdbg fma cx16 xtpr pdcm pcid sse4_1 sse4_2 x2apic movbe popcnt tsc_deadline_timer aes xsave avx f16c rdrand lahf_lm abm 3dnowprefetch cpuid_fault epb invpcid_single pti tpr_shadow vnmi flexpriority ept vpid fsgsbase tsc_adjust bmi1 hle avx2 smep bmi2 erms invpcid rtm mpx rdseed adx smap clflushopt intel_pt xsaveopt xsavec xgetbv1 xsaves ibpb ibrs stibp dtherm ida arat pln pts hwp hwp_notify hwp_act_window hwp_epp
bugs		: cpu_meltdown spectre_v1 spectre_v2
bogomips	: 8400.00
clflush size	: 64
cache_alignment	: 64
address sizes	: 39 bits physical, 48 bits virtual
power management:

processor	: 7
vendor_id	: GenuineIntel
cpu family	: 6
model		: 158
model name	: Intel(R) Core(TM) i7-7700K CPU @ 4.20GHz
stepping	: 9
microcode	: 0x84
cpu MHz		: 4800.026
cache size	: 8192 KB
physical id	: 0
siblings	: 8
core id		: 3
cpu cores	: 4
apicid		: 7
initial apicid	: 7
fpu		: yes
fpu_exception	: yes
cpuid level	: 22
wp		: yes
flags		: fpu vme de pse tsc msr pae mce cx8 apic sep mtrr pge mca cmov pat pse36 clflush dts acpi mmx fxsr sse sse2 ss ht tm pbe syscall nx pdpe1gb rdtscp lm constant_tsc art arch_perfmon pebs bts rep_good nopl xtopology nonstop_tsc cpuid aperfmperf tsc_known_freq pni pclmulqdq dtes64 monitor ds_cpl vmx est tm2 ssse3 sdbg fma cx16 xtpr pdcm pcid sse4_1 sse4_2 x2apic movbe popcnt tsc_deadline_timer aes xsave avx f16c rdrand lahf_lm abm 3dnowprefetch cpuid_fault epb invpcid_single pti tpr_shadow vnmi flexpriority ept vpid fsgsbase tsc_adjust bmi1 hle avx2 smep bmi2 erms invpcid rtm mpx rdseed adx smap clflushopt intel_pt xsaveopt xsavec xgetbv1 xsaves ibpb ibrs stibp dtherm ida arat pln pts hwp hwp_notify hwp_act_window hwp_epp
bugs		: cpu_meltdown spectre_v1 spectre_v2
bogomips	: 8400.00
clflush size	: 64
cache_alignment	: 64
address sizes	: 39 bits physical, 48 bits virtual
power management:



Memory: 4k page, physical 16360680k(169608k free), swap 0k(0k free)

vm_info: OpenJDK 64-Bit Server VM (25.152-b12) for linux-amd64 JRE (1.8.0_152-release-1056-b12), built on Nov 16 2017 13:53:23 by "root" with gcc 4.4.7 20120313 (Red Hat 4.4.7-16)

time: Wed Apr 11 20:52:58 2018
elapsed time: 5 seconds (0d 0h 0m 5s)

